<?xml version="1.0" encoding="UTF-8"?>
<!-- Generated by org.testng.reporters.JUnitXMLReporter -->
<testsuite ignored="0" hostname="LAPTOP-3LETJHVP" failures="0" tests="9" name="Linux-Chrome" time="72.159" errors="0" timestamp="2026-08-15T13:22:43 IST">
  <testcase classname="com.hybridframework.practice.scenarios.SearchTest_TC3" name="verifySearchWithValidProduct" time="1.311"/>
  <testcase classname="com.hybridframework.practice.scenarios.SearchTest_TC3" name="verifySearchWithInvalidProduct" time="1.5"/>
  <testcase classname="com.hybridframework.practice.scenarios.SearchTest_TC3" name="verifyEmptySearch" time="0.4"/>
  <testcase classname="com.hybridframework.practice.scenarios.SearchTest_TC3" name="verifyingSearchWithDDT" time="5.324"/>
  <testcase classname="com.hybridframework.practice.scenarios.SearchTest_TC3" name="verifyingSearchWithDDT" time="4.44"/>
  <testcase classname="com.hybridframework.practice.scenarios.SearchTest_TC3" name="verifyingSearchWithDDT" time="5.356"/>
  <testcase classname="com.hybridframework.practice.scenarios.SearchTest_TC3" name="verifyingSearchWithDDT" time="5.264"/>
  <testcase classname="com.hybridframework.practice.scenarios.SearchTest_TC3" name="verifyingSearchWithDDT" time="5.209"/>
  <testcase classname="com.hybridframework.practice.scenarios.SearchTest_TC3" name="verifyingSearchWithDDT" time="4.411"/>
</testsuite> <!-- Linux-Chrome -->
