<?xml version="1.0" encoding="UTF-8"?>
<!-- Generated by org.testng.reporters.JUnitXMLReporter -->
<testsuite ignored="0" hostname="LAPTOP-3LETJHVP" failures="0" tests="18" name="chrometest" time="142.506" errors="0" timestamp="2026-07-22T18:58:30 IST">
  <testcase classname="com.hybridframework.practice.scenarios.RegisterTest_TC2" name="verifyRegisterwithALLField" time="6.406"/>
  <testcase classname="com.hybridframework.practice.scenarios.SearchTest_TC3" name="verifySearchWithValidProduct" time="1.514"/>
  <testcase classname="com.hybridframework.practice.scenarios.LoginTest_TC1" name="verifyValidLogin" time="2.57"/>
  <testcase classname="com.hybridframework.practice.scenarios.LoginTest_TC1" name="verifyInvalidUsernameandPasswordLogin" time="1.604"/>
  <testcase classname="com.hybridframework.practice.scenarios.RegisterTest_TC2" name="verifyRegisterwithMandatoryField" time="4.482"/>
  <testcase classname="com.hybridframework.practice.scenarios.SearchTest_TC3" name="verifySearchWithInvalidProduct" time="1.449"/>
  <testcase classname="com.hybridframework.practice.scenarios.SearchTest_TC3" name="verifyEmptySearch" time="0.347"/>
  <testcase classname="com.hybridframework.practice.scenarios.RegisterTest_TC2" name="verifyRegisterwithExistingEmail" time="2.522"/>
  <testcase classname="com.hybridframework.practice.scenarios.LoginTest_TC1" name="verifyValidUsernameInvalidPasswordLogin" time="2.118"/>
  <testcase classname="com.hybridframework.practice.scenarios.LoginTest_TC1" name="verifyInvalidUsernameValidPasswordLogin" time="1.6"/>
  <testcase classname="com.hybridframework.practice.scenarios.RegisterTest_TC2" name="verifyRegisterwithoutProvidingCredentials" time="1.991"/>
  <testcase classname="com.hybridframework.practice.scenarios.SearchTest_TC3" name="verifyingSearchWithDDT" time="5.372"/>
  <testcase classname="com.hybridframework.practice.scenarios.SearchTest_TC3" name="verifyingSearchWithDDT" time="5.36"/>
  <testcase classname="com.hybridframework.practice.scenarios.SearchTest_TC3" name="verifyingSearchWithDDT" time="4.385"/>
  <testcase classname="com.hybridframework.practice.scenarios.SearchTest_TC3" name="verifyingSearchWithDDT" time="5.48"/>
  <testcase classname="com.hybridframework.practice.scenarios.SearchTest_TC3" name="verifyingSearchWithDDT" time="5.416"/>
  <testcase classname="com.hybridframework.practice.scenarios.SearchTest_TC3" name="verifyingSearchWithDDT" time="5.284"/>
  <testcase classname="com.hybridframework.practice.scenarios.LoginTest_TC1" name="verifyLoginWithoutCredentials" time="1.457"/>
</testsuite> <!-- chrometest -->
