<?xml version="1.0" encoding="UTF-8"?>
<!-- Generated by org.testng.reporters.JUnitXMLReporter -->
<testsuite ignored="0" hostname="LAPTOP-3LETJHVP" failures="0" tests="18" name="firefoxtest" time="239.909" errors="0" timestamp="2026-07-22T19:00:08 IST">
  <testcase classname="com.hybridframework.practice.scenarios.RegisterTest_TC2" name="verifyRegisterwithALLField" time="3.612"/>
  <testcase classname="com.hybridframework.practice.scenarios.SearchTest_TC3" name="verifySearchWithValidProduct" time="1.42"/>
  <testcase classname="com.hybridframework.practice.scenarios.LoginTest_TC1" name="verifyValidLogin" time="2.032"/>
  <testcase classname="com.hybridframework.practice.scenarios.LoginTest_TC1" name="verifyInvalidUsernameandPasswordLogin" time="1.726"/>
  <testcase classname="com.hybridframework.practice.scenarios.RegisterTest_TC2" name="verifyRegisterwithMandatoryField" time="3.821"/>
  <testcase classname="com.hybridframework.practice.scenarios.SearchTest_TC3" name="verifySearchWithInvalidProduct" time="1.1"/>
  <testcase classname="com.hybridframework.practice.scenarios.SearchTest_TC3" name="verifyEmptySearch" time="0.434"/>
  <testcase classname="com.hybridframework.practice.scenarios.RegisterTest_TC2" name="verifyRegisterwithExistingEmail" time="2.388"/>
  <testcase classname="com.hybridframework.practice.scenarios.LoginTest_TC1" name="verifyValidUsernameInvalidPasswordLogin" time="1.365"/>
  <testcase classname="com.hybridframework.practice.scenarios.LoginTest_TC1" name="verifyInvalidUsernameValidPasswordLogin" time="1.639"/>
  <testcase classname="com.hybridframework.practice.scenarios.RegisterTest_TC2" name="verifyRegisterwithoutProvidingCredentials" time="0.955"/>
  <testcase classname="com.hybridframework.practice.scenarios.SearchTest_TC3" name="verifyingSearchWithDDT" time="5.144"/>
  <testcase classname="com.hybridframework.practice.scenarios.SearchTest_TC3" name="verifyingSearchWithDDT" time="5.073"/>
  <testcase classname="com.hybridframework.practice.scenarios.SearchTest_TC3" name="verifyingSearchWithDDT" time="5.012"/>
  <testcase classname="com.hybridframework.practice.scenarios.SearchTest_TC3" name="verifyingSearchWithDDT" time="5.052"/>
  <testcase classname="com.hybridframework.practice.scenarios.SearchTest_TC3" name="verifyingSearchWithDDT" time="5.215"/>
  <testcase classname="com.hybridframework.practice.scenarios.SearchTest_TC3" name="verifyingSearchWithDDT" time="4.947"/>
  <testcase classname="com.hybridframework.practice.scenarios.LoginTest_TC1" name="verifyLoginWithoutCredentials" time="1.265"/>
</testsuite> <!-- firefoxtest -->
