<?xml version="1.0" encoding="UTF-8"?>
<!-- Generated by org.testng.reporters.JUnitXMLReporter -->
<testsuite ignored="0" hostname="LAPTOP-3LETJHVP" failures="0" tests="18" name="internetexplorertest" time="555.147" errors="0" timestamp="2026-07-22T18:59:18 IST">
  <testcase classname="com.hybridframework.practice.scenarios.RegisterTest_TC2" name="verifyRegisterwithALLField" time="0.0">
    <skipped/>
  </testcase> <!-- verifyRegisterwithALLField -->
  <testcase classname="com.hybridframework.practice.scenarios.SearchTest_TC3" name="verifySearchWithValidProduct" time="0.0">
    <skipped/>
  </testcase> <!-- verifySearchWithValidProduct -->
  <testcase classname="com.hybridframework.practice.scenarios.LoginTest_TC1" name="verifyValidLogin" time="0.002">
    <skipped/>
  </testcase> <!-- verifyValidLogin -->
  <testcase classname="com.hybridframework.practice.scenarios.LoginTest_TC1" name="verifyInvalidUsernameandPasswordLogin" time="0.0">
    <skipped/>
  </testcase> <!-- verifyInvalidUsernameandPasswordLogin -->
  <testcase classname="com.hybridframework.practice.scenarios.RegisterTest_TC2" name="verifyRegisterwithMandatoryField" time="0.0">
    <skipped/>
  </testcase> <!-- verifyRegisterwithMandatoryField -->
  <testcase classname="com.hybridframework.practice.scenarios.SearchTest_TC3" name="verifySearchWithInvalidProduct" time="0.0">
    <skipped/>
  </testcase> <!-- verifySearchWithInvalidProduct -->
  <testcase classname="com.hybridframework.practice.scenarios.SearchTest_TC3" name="verifyEmptySearch" time="0.0">
    <skipped/>
  </testcase> <!-- verifyEmptySearch -->
  <testcase classname="com.hybridframework.practice.scenarios.RegisterTest_TC2" name="verifyRegisterwithExistingEmail" time="0.0">
    <skipped/>
  </testcase> <!-- verifyRegisterwithExistingEmail -->
  <testcase classname="com.hybridframework.practice.scenarios.LoginTest_TC1" name="verifyValidUsernameInvalidPasswordLogin" time="0.0">
    <skipped/>
  </testcase> <!-- verifyValidUsernameInvalidPasswordLogin -->
  <testcase classname="com.hybridframework.practice.scenarios.LoginTest_TC1" name="verifyInvalidUsernameValidPasswordLogin" time="0.0">
    <skipped/>
  </testcase> <!-- verifyInvalidUsernameValidPasswordLogin -->
  <testcase classname="com.hybridframework.practice.scenarios.RegisterTest_TC2" name="verifyRegisterwithoutProvidingCredentials" time="0.001">
    <skipped/>
  </testcase> <!-- verifyRegisterwithoutProvidingCredentials -->
  <testcase classname="com.hybridframework.practice.scenarios.SearchTest_TC3" name="verifyingSearchWithDDT" time="0.0">
    <skipped/>
  </testcase> <!-- verifyingSearchWithDDT -->
  <testcase classname="com.hybridframework.practice.scenarios.SearchTest_TC3" name="verifyingSearchWithDDT" time="0.0">
    <skipped/>
  </testcase> <!-- verifyingSearchWithDDT -->
  <testcase classname="com.hybridframework.practice.scenarios.SearchTest_TC3" name="verifyingSearchWithDDT" time="0.0">
    <skipped/>
  </testcase> <!-- verifyingSearchWithDDT -->
  <testcase classname="com.hybridframework.practice.scenarios.SearchTest_TC3" name="verifyingSearchWithDDT" time="0.0">
    <skipped/>
  </testcase> <!-- verifyingSearchWithDDT -->
  <testcase classname="com.hybridframework.practice.scenarios.SearchTest_TC3" name="verifyingSearchWithDDT" time="0.0">
    <skipped/>
  </testcase> <!-- verifyingSearchWithDDT -->
  <testcase classname="com.hybridframework.practice.scenarios.SearchTest_TC3" name="verifyingSearchWithDDT" time="0.0">
    <skipped/>
  </testcase> <!-- verifyingSearchWithDDT -->
  <testcase classname="com.hybridframework.practice.scenarios.LoginTest_TC1" name="verifyLoginWithoutCredentials" time="0.0">
    <skipped/>
  </testcase> <!-- verifyLoginWithoutCredentials -->
</testsuite> <!-- internetexplorertest -->
