<?xml version="1.0" encoding="UTF-8"?>
<!-- Generated by org.testng.reporters.JUnitXMLReporter -->
<testsuite ignored="0" hostname="LAPTOP-3LETJHVP" failures="0" tests="9" name="Linux-Chrome" time="0.506" errors="0" timestamp="2026-08-10T16:47:44 IST">
  <testcase classname="com.demowebshop.base.BaseClass" name="@BeforeMethod browserSetUp" time="-1.786360664361E9">
    <failure type="org.testng.TestNGException" message="
Parameter &amp;apos;operatingSystem&amp;apos; is required by BeforeMethod on method browserSetUp but has not been marked @Optional or defined
in C:\Users\saeer\eclipse-SeleniumPracticeWorkspace\PracticeHybridFrameworkQATester\src\test\resources\grid-docker.xml">
      <![CDATA[org.testng.TestNGException: 
Parameter 'operatingSystem' is required by BeforeMethod on method browserSetUp but has not been marked @Optional or defined
in C:\Users\saeer\eclipse-SeleniumPracticeWorkspace\PracticeHybridFrameworkQATester\src\test\resources\grid-docker.xml
at java.base/java.util.ArrayList.forEach(ArrayList.java:1604)
... Removed 28 stack frames]]>
    </failure>
  </testcase> <!-- @BeforeMethod browserSetUp -->
  <testcase classname="com.demowebshop.base.BaseClass" name="@AfterMethod browserTearDown" time="0.0">
    <skipped/>
  </testcase> <!-- @AfterMethod browserTearDown -->
  <testcase classname="com.demowebshop.base.BaseClass" name="@BeforeMethod browserSetUp" time="0.0">
    <skipped/>
  </testcase> <!-- @BeforeMethod browserSetUp -->
  <testcase classname="com.demowebshop.base.BaseClass" name="@AfterMethod browserTearDown" time="0.0">
    <skipped/>
  </testcase> <!-- @AfterMethod browserTearDown -->
  <testcase classname="com.demowebshop.base.BaseClass" name="@BeforeMethod browserSetUp" time="0.0">
    <skipped/>
  </testcase> <!-- @BeforeMethod browserSetUp -->
  <testcase classname="com.demowebshop.base.BaseClass" name="@AfterMethod browserTearDown" time="0.0">
    <skipped/>
  </testcase> <!-- @AfterMethod browserTearDown -->
  <testcase classname="com.demowebshop.base.BaseClass" name="@BeforeMethod browserSetUp" time="0.0">
    <skipped/>
  </testcase> <!-- @BeforeMethod browserSetUp -->
  <testcase classname="com.demowebshop.base.BaseClass" name="@AfterMethod browserTearDown" time="0.0">
    <skipped/>
  </testcase> <!-- @AfterMethod browserTearDown -->
  <testcase classname="com.demowebshop.base.BaseClass" name="@BeforeMethod browserSetUp" time="0.0">
    <skipped/>
  </testcase> <!-- @BeforeMethod browserSetUp -->
  <testcase classname="com.demowebshop.base.BaseClass" name="@AfterMethod browserTearDown" time="0.0">
    <skipped/>
  </testcase> <!-- @AfterMethod browserTearDown -->
  <testcase classname="com.demowebshop.base.BaseClass" name="@BeforeMethod browserSetUp" time="0.0">
    <skipped/>
  </testcase> <!-- @BeforeMethod browserSetUp -->
  <testcase classname="com.demowebshop.base.BaseClass" name="@AfterMethod browserTearDown" time="0.0">
    <skipped/>
  </testcase> <!-- @AfterMethod browserTearDown -->
  <testcase classname="com.demowebshop.base.BaseClass" name="@BeforeMethod browserSetUp" time="0.0">
    <skipped/>
  </testcase> <!-- @BeforeMethod browserSetUp -->
  <testcase classname="com.demowebshop.base.BaseClass" name="@AfterMethod browserTearDown" time="0.0">
    <skipped/>
  </testcase> <!-- @AfterMethod browserTearDown -->
  <testcase classname="com.demowebshop.base.BaseClass" name="@BeforeMethod browserSetUp" time="0.0">
    <skipped/>
  </testcase> <!-- @BeforeMethod browserSetUp -->
  <testcase classname="com.demowebshop.base.BaseClass" name="@AfterMethod browserTearDown" time="0.0">
    <skipped/>
  </testcase> <!-- @AfterMethod browserTearDown -->
  <testcase classname="com.demowebshop.base.BaseClass" name="@BeforeMethod browserSetUp" time="0.0">
    <skipped/>
  </testcase> <!-- @BeforeMethod browserSetUp -->
  <testcase classname="com.demowebshop.base.BaseClass" name="@AfterMethod browserTearDown" time="0.0">
    <skipped/>
  </testcase> <!-- @AfterMethod browserTearDown -->
  <testcase classname="com.hybridframework.practice.scenarios.SearchTest_TC3" name="verifySearchWithValidProduct" time="0.001">
    <skipped/>
  </testcase> <!-- verifySearchWithValidProduct -->
  <testcase classname="com.hybridframework.practice.scenarios.SearchTest_TC3" name="verifySearchWithInvalidProduct" time="0.0">
    <skipped/>
  </testcase> <!-- verifySearchWithInvalidProduct -->
  <testcase classname="com.hybridframework.practice.scenarios.SearchTest_TC3" name="verifyEmptySearch" time="0.0">
    <skipped/>
  </testcase> <!-- verifyEmptySearch -->
  <testcase classname="com.hybridframework.practice.scenarios.SearchTest_TC3" name="verifyingSearchWithDDT" time="0.0">
    <skipped/>
  </testcase> <!-- verifyingSearchWithDDT -->
  <testcase classname="com.hybridframework.practice.scenarios.SearchTest_TC3" name="verifyingSearchWithDDT" time="0.0">
    <skipped/>
  </testcase> <!-- verifyingSearchWithDDT -->
  <testcase classname="com.hybridframework.practice.scenarios.SearchTest_TC3" name="verifyingSearchWithDDT" time="0.0">
    <skipped/>
  </testcase> <!-- verifyingSearchWithDDT -->
  <testcase classname="com.hybridframework.practice.scenarios.SearchTest_TC3" name="verifyingSearchWithDDT" time="0.0">
    <skipped/>
  </testcase> <!-- verifyingSearchWithDDT -->
  <testcase classname="com.hybridframework.practice.scenarios.SearchTest_TC3" name="verifyingSearchWithDDT" time="0.0">
    <skipped/>
  </testcase> <!-- verifyingSearchWithDDT -->
  <testcase classname="com.hybridframework.practice.scenarios.SearchTest_TC3" name="verifyingSearchWithDDT" time="0.0">
    <skipped/>
  </testcase> <!-- verifyingSearchWithDDT -->
</testsuite> <!-- Linux-Chrome -->
