<?xml version="1.0" encoding="UTF-8"?>
<!-- Generated by org.testng.reporters.JUnitXMLReporter -->
<testsuite ignored="0" hostname="LAPTOP-3LETJHVP" failures="0" tests="18" name="Test" time="2.387" errors="0" timestamp="2026-07-22T18:32:59 IST">
  <testcase classname="com.demowebshop.base.BaseClass" name="@BeforeMethod browserSetUp" time="1.425">
    <failure type="io.github.bonigarcia.wdm.config.WebDriverManagerException" message="io.github.bonigarcia.wdm.config.WebDriverManagerException: java.net.UnknownHostException: msedgedriver.azureedge.net">
      <![CDATA[io.github.bonigarcia.wdm.config.WebDriverManagerException: io.github.bonigarcia.wdm.config.WebDriverManagerException: java.net.UnknownHostException: msedgedriver.azureedge.net
at io.github.bonigarcia.wdm.WebDriverManager.handleException(WebDriverManager.java:1445)
at io.github.bonigarcia.wdm.WebDriverManager.manage(WebDriverManager.java:1205)
at io.github.bonigarcia.wdm.WebDriverManager.fallback(WebDriverManager.java:1461)
at io.github.bonigarcia.wdm.WebDriverManager.handleException(WebDriverManager.java:1442)
at io.github.bonigarcia.wdm.WebDriverManager.manage(WebDriverManager.java:1205)
at io.github.bonigarcia.wdm.WebDriverManager.handleException(WebDriverManager.java:1435)
at io.github.bonigarcia.wdm.WebDriverManager.manage(WebDriverManager.java:1205)
at io.github.bonigarcia.wdm.WebDriverManager.setup(WebDriverManager.java:427)
at com.demowebshop.base.BaseClass.browserSetUp(BaseClass.java:70)
at java.base/java.util.ArrayList.forEach(ArrayList.java:1604)
Caused by: io.github.bonigarcia.wdm.config.WebDriverManagerException: java.net.UnknownHostException: msedgedriver.azureedge.net
at io.github.bonigarcia.wdm.WebDriverManager.getDriversFromXml(WebDriverManager.java:1596)
at io.github.bonigarcia.wdm.managers.EdgeDriverManager.getDriverUrls(EdgeDriverManager.java:115)
at io.github.bonigarcia.wdm.WebDriverManager.createUrlHandler(WebDriverManager.java:1466)
at io.github.bonigarcia.wdm.WebDriverManager.download(WebDriverManager.java:1287)
at io.github.bonigarcia.wdm.WebDriverManager.manage(WebDriverManager.java:1199)
... 37 more
Caused by: java.net.UnknownHostException: msedgedriver.azureedge.net
at java.base/java.net.InetAddress$CachedLookup.get(InetAddress.java:909)
at java.base/java.net.InetAddress.getAllByName0(InetAddress.java:1702)
at java.base/java.net.InetAddress.getAllByName(InetAddress.java:1582)
at org.apache.hc.client5.http.SystemDefaultDnsResolver.resolve(SystemDefaultDnsResolver.java:43)
at org.apache.hc.client5.http.impl.io.DefaultHttpClientConnectionOperator.connect(DefaultHttpClientConnectionOperator.java:141)
at org.apache.hc.client5.http.impl.io.PoolingHttpClientConnectionManager.connect(PoolingHttpClientConnectionManager.java:447)
at org.apache.hc.client5.http.impl.classic.InternalExecRuntime.connectEndpoint(InternalExecRuntime.java:162)
at org.apache.hc.client5.http.impl.classic.InternalExecRuntime.connectEndpoint(InternalExecRuntime.java:172)
at org.apache.hc.client5.http.impl.classic.ConnectExec.execute(ConnectExec.java:142)
at org.apache.hc.client5.http.impl.classic.ExecChainElement.execute(ExecChainElement.java:51)
at org.apache.hc.client5.http.impl.classic.ProtocolExec.execute(ProtocolExec.java:192)
at org.apache.hc.client5.http.impl.classic.ExecChainElement.execute(ExecChainElement.java:51)
at org.apache.hc.client5.http.impl.classic.HttpRequestRetryExec.execute(HttpRequestRetryExec.java:96)
at org.apache.hc.client5.http.impl.classic.ExecChainElement.execute(ExecChainElement.java:51)
at org.apache.hc.client5.http.impl.classic.ContentCompressionExec.execute(ContentCompressionExec.java:152)
at org.apache.hc.client5.http.impl.classic.ExecChainElement.execute(ExecChainElement.java:51)
at org.apache.hc.client5.http.impl.classic.RedirectExec.execute(RedirectExec.java:115)
at org.apache.hc.client5.http.impl.classic.ExecChainElement.execute(ExecChainElement.java:51)
at org.apache.hc.client5.http.impl.classic.InternalHttpClient.doExecute(InternalHttpClient.java:170)
at org.apache.hc.client5.http.impl.classic.CloseableHttpClient.execute(CloseableHttpClient.java:87)
at org.apache.hc.client5.http.impl.classic.CloseableHttpClient.execute(CloseableHttpClient.java:55)
at org.apache.hc.client5.http.classic.HttpClient.executeOpen(HttpClient.java:183)
at io.github.bonigarcia.wdm.online.HttpClient.execute(HttpClient.java:157)
at io.github.bonigarcia.wdm.WebDriverManager.getDriversFromXml(WebDriverManager.java:1581)
... 41 more
... Removed 29 stack frames]]>
    </failure>
  </testcase> <!-- @BeforeMethod browserSetUp -->
  <testcase classname="com.demowebshop.base.BaseClass" name="@AfterMethod browserTearDown" time="0.0">
    <skipped/>
  </testcase> <!-- @AfterMethod browserTearDown -->
  <testcase classname="com.demowebshop.base.BaseClass" name="@BeforeMethod browserSetUp" time="0.0">
    <skipped/>
  </testcase> <!-- @BeforeMethod browserSetUp -->
  <testcase classname="com.demowebshop.base.BaseClass" name="@AfterMethod browserTearDown" time="0.0">
    <skipped/>
  </testcase> <!-- @AfterMethod browserTearDown -->
  <testcase classname="com.demowebshop.base.BaseClass" name="@BeforeMethod browserSetUp" time="0.0">
    <skipped/>
  </testcase> <!-- @BeforeMethod browserSetUp -->
  <testcase classname="com.demowebshop.base.BaseClass" name="@AfterMethod browserTearDown" time="0.0">
    <skipped/>
  </testcase> <!-- @AfterMethod browserTearDown -->
  <testcase classname="com.demowebshop.base.BaseClass" name="@BeforeMethod browserSetUp" time="0.0">
    <skipped/>
  </testcase> <!-- @BeforeMethod browserSetUp -->
  <testcase classname="com.demowebshop.base.BaseClass" name="@AfterMethod browserTearDown" time="0.0">
    <skipped/>
  </testcase> <!-- @AfterMethod browserTearDown -->
  <testcase classname="com.demowebshop.base.BaseClass" name="@BeforeMethod browserSetUp" time="0.0">
    <skipped/>
  </testcase> <!-- @BeforeMethod browserSetUp -->
  <testcase classname="com.demowebshop.base.BaseClass" name="@AfterMethod browserTearDown" time="0.0">
    <skipped/>
  </testcase> <!-- @AfterMethod browserTearDown -->
  <testcase classname="com.demowebshop.base.BaseClass" name="@BeforeMethod browserSetUp" time="0.394">
    <failure type="io.github.bonigarcia.wdm.config.WebDriverManagerException" message="io.github.bonigarcia.wdm.config.WebDriverManagerException: java.net.UnknownHostException: msedgedriver.azureedge.net">
      <![CDATA[io.github.bonigarcia.wdm.config.WebDriverManagerException: io.github.bonigarcia.wdm.config.WebDriverManagerException: java.net.UnknownHostException: msedgedriver.azureedge.net
at io.github.bonigarcia.wdm.WebDriverManager.handleException(WebDriverManager.java:1445)
at io.github.bonigarcia.wdm.WebDriverManager.manage(WebDriverManager.java:1205)
at io.github.bonigarcia.wdm.WebDriverManager.fallback(WebDriverManager.java:1461)
at io.github.bonigarcia.wdm.WebDriverManager.handleException(WebDriverManager.java:1442)
at io.github.bonigarcia.wdm.WebDriverManager.manage(WebDriverManager.java:1205)
at io.github.bonigarcia.wdm.WebDriverManager.handleException(WebDriverManager.java:1435)
at io.github.bonigarcia.wdm.WebDriverManager.manage(WebDriverManager.java:1205)
at io.github.bonigarcia.wdm.WebDriverManager.setup(WebDriverManager.java:427)
at com.demowebshop.base.BaseClass.browserSetUp(BaseClass.java:70)
at java.base/java.util.ArrayList.forEach(ArrayList.java:1604)
Caused by: io.github.bonigarcia.wdm.config.WebDriverManagerException: java.net.UnknownHostException: msedgedriver.azureedge.net
at io.github.bonigarcia.wdm.WebDriverManager.getDriversFromXml(WebDriverManager.java:1596)
at io.github.bonigarcia.wdm.managers.EdgeDriverManager.getDriverUrls(EdgeDriverManager.java:115)
at io.github.bonigarcia.wdm.WebDriverManager.createUrlHandler(WebDriverManager.java:1466)
at io.github.bonigarcia.wdm.WebDriverManager.download(WebDriverManager.java:1287)
at io.github.bonigarcia.wdm.WebDriverManager.manage(WebDriverManager.java:1199)
... 37 more
Caused by: java.net.UnknownHostException: msedgedriver.azureedge.net
at java.base/java.net.InetAddress$CachedLookup.get(InetAddress.java:909)
at java.base/java.net.InetAddress.getAllByName0(InetAddress.java:1702)
at java.base/java.net.InetAddress.getAllByName(InetAddress.java:1582)
at org.apache.hc.client5.http.SystemDefaultDnsResolver.resolve(SystemDefaultDnsResolver.java:43)
at org.apache.hc.client5.http.impl.io.DefaultHttpClientConnectionOperator.connect(DefaultHttpClientConnectionOperator.java:141)
at org.apache.hc.client5.http.impl.io.PoolingHttpClientConnectionManager.connect(PoolingHttpClientConnectionManager.java:447)
at org.apache.hc.client5.http.impl.classic.InternalExecRuntime.connectEndpoint(InternalExecRuntime.java:162)
at org.apache.hc.client5.http.impl.classic.InternalExecRuntime.connectEndpoint(InternalExecRuntime.java:172)
at org.apache.hc.client5.http.impl.classic.ConnectExec.execute(ConnectExec.java:142)
at org.apache.hc.client5.http.impl.classic.ExecChainElement.execute(ExecChainElement.java:51)
at org.apache.hc.client5.http.impl.classic.ProtocolExec.execute(ProtocolExec.java:192)
at org.apache.hc.client5.http.impl.classic.ExecChainElement.execute(ExecChainElement.java:51)
at org.apache.hc.client5.http.impl.classic.HttpRequestRetryExec.execute(HttpRequestRetryExec.java:96)
at org.apache.hc.client5.http.impl.classic.ExecChainElement.execute(ExecChainElement.java:51)
at org.apache.hc.client5.http.impl.classic.ContentCompressionExec.execute(ContentCompressionExec.java:152)
at org.apache.hc.client5.http.impl.classic.ExecChainElement.execute(ExecChainElement.java:51)
at org.apache.hc.client5.http.impl.classic.RedirectExec.execute(RedirectExec.java:115)
at org.apache.hc.client5.http.impl.classic.ExecChainElement.execute(ExecChainElement.java:51)
at org.apache.hc.client5.http.impl.classic.InternalHttpClient.doExecute(InternalHttpClient.java:170)
at org.apache.hc.client5.http.impl.classic.CloseableHttpClient.execute(CloseableHttpClient.java:87)
at org.apache.hc.client5.http.impl.classic.CloseableHttpClient.execute(CloseableHttpClient.java:55)
at org.apache.hc.client5.http.classic.HttpClient.executeOpen(HttpClient.java:183)
at io.github.bonigarcia.wdm.online.HttpClient.execute(HttpClient.java:157)
at io.github.bonigarcia.wdm.WebDriverManager.getDriversFromXml(WebDriverManager.java:1581)
... 41 more
... Removed 29 stack frames]]>
    </failure>
  </testcase> <!-- @BeforeMethod browserSetUp -->
  <testcase classname="com.demowebshop.base.BaseClass" name="@AfterMethod browserTearDown" time="0.0">
    <skipped/>
  </testcase> <!-- @AfterMethod browserTearDown -->
  <testcase classname="com.demowebshop.base.BaseClass" name="@BeforeMethod browserSetUp" time="0.0">
    <skipped/>
  </testcase> <!-- @BeforeMethod browserSetUp -->
  <testcase classname="com.demowebshop.base.BaseClass" name="@AfterMethod browserTearDown" time="0.0">
    <skipped/>
  </testcase> <!-- @AfterMethod browserTearDown -->
  <testcase classname="com.demowebshop.base.BaseClass" name="@BeforeMethod browserSetUp" time="0.0">
    <skipped/>
  </testcase> <!-- @BeforeMethod browserSetUp -->
  <testcase classname="com.demowebshop.base.BaseClass" name="@AfterMethod browserTearDown" time="0.0">
    <skipped/>
  </testcase> <!-- @AfterMethod browserTearDown -->
  <testcase classname="com.demowebshop.base.BaseClass" name="@BeforeMethod browserSetUp" time="0.0">
    <skipped/>
  </testcase> <!-- @BeforeMethod browserSetUp -->
  <testcase classname="com.demowebshop.base.BaseClass" name="@AfterMethod browserTearDown" time="0.0">
    <skipped/>
  </testcase> <!-- @AfterMethod browserTearDown -->
  <testcase classname="com.demowebshop.base.BaseClass" name="@BeforeMethod browserSetUp" time="0.396">
    <failure type="io.github.bonigarcia.wdm.config.WebDriverManagerException" message="io.github.bonigarcia.wdm.config.WebDriverManagerException: java.net.UnknownHostException: msedgedriver.azureedge.net">
      <![CDATA[io.github.bonigarcia.wdm.config.WebDriverManagerException: io.github.bonigarcia.wdm.config.WebDriverManagerException: java.net.UnknownHostException: msedgedriver.azureedge.net
at io.github.bonigarcia.wdm.WebDriverManager.handleException(WebDriverManager.java:1445)
at io.github.bonigarcia.wdm.WebDriverManager.manage(WebDriverManager.java:1205)
at io.github.bonigarcia.wdm.WebDriverManager.fallback(WebDriverManager.java:1461)
at io.github.bonigarcia.wdm.WebDriverManager.handleException(WebDriverManager.java:1442)
at io.github.bonigarcia.wdm.WebDriverManager.manage(WebDriverManager.java:1205)
at io.github.bonigarcia.wdm.WebDriverManager.handleException(WebDriverManager.java:1435)
at io.github.bonigarcia.wdm.WebDriverManager.manage(WebDriverManager.java:1205)
at io.github.bonigarcia.wdm.WebDriverManager.setup(WebDriverManager.java:427)
at com.demowebshop.base.BaseClass.browserSetUp(BaseClass.java:70)
at java.base/java.util.ArrayList.forEach(ArrayList.java:1604)
Caused by: io.github.bonigarcia.wdm.config.WebDriverManagerException: java.net.UnknownHostException: msedgedriver.azureedge.net
at io.github.bonigarcia.wdm.WebDriverManager.getDriversFromXml(WebDriverManager.java:1596)
at io.github.bonigarcia.wdm.managers.EdgeDriverManager.getDriverUrls(EdgeDriverManager.java:115)
at io.github.bonigarcia.wdm.WebDriverManager.createUrlHandler(WebDriverManager.java:1466)
at io.github.bonigarcia.wdm.WebDriverManager.download(WebDriverManager.java:1287)
at io.github.bonigarcia.wdm.WebDriverManager.manage(WebDriverManager.java:1199)
... 37 more
Caused by: java.net.UnknownHostException: msedgedriver.azureedge.net
at java.base/java.net.InetAddress$CachedLookup.get(InetAddress.java:909)
at java.base/java.net.InetAddress.getAllByName0(InetAddress.java:1702)
at java.base/java.net.InetAddress.getAllByName(InetAddress.java:1582)
at org.apache.hc.client5.http.SystemDefaultDnsResolver.resolve(SystemDefaultDnsResolver.java:43)
at org.apache.hc.client5.http.impl.io.DefaultHttpClientConnectionOperator.connect(DefaultHttpClientConnectionOperator.java:141)
at org.apache.hc.client5.http.impl.io.PoolingHttpClientConnectionManager.connect(PoolingHttpClientConnectionManager.java:447)
at org.apache.hc.client5.http.impl.classic.InternalExecRuntime.connectEndpoint(InternalExecRuntime.java:162)
at org.apache.hc.client5.http.impl.classic.InternalExecRuntime.connectEndpoint(InternalExecRuntime.java:172)
at org.apache.hc.client5.http.impl.classic.ConnectExec.execute(ConnectExec.java:142)
at org.apache.hc.client5.http.impl.classic.ExecChainElement.execute(ExecChainElement.java:51)
at org.apache.hc.client5.http.impl.classic.ProtocolExec.execute(ProtocolExec.java:192)
at org.apache.hc.client5.http.impl.classic.ExecChainElement.execute(ExecChainElement.java:51)
at org.apache.hc.client5.http.impl.classic.HttpRequestRetryExec.execute(HttpRequestRetryExec.java:96)
at org.apache.hc.client5.http.impl.classic.ExecChainElement.execute(ExecChainElement.java:51)
at org.apache.hc.client5.http.impl.classic.ContentCompressionExec.execute(ContentCompressionExec.java:152)
at org.apache.hc.client5.http.impl.classic.ExecChainElement.execute(ExecChainElement.java:51)
at org.apache.hc.client5.http.impl.classic.RedirectExec.execute(RedirectExec.java:115)
at org.apache.hc.client5.http.impl.classic.ExecChainElement.execute(ExecChainElement.java:51)
at org.apache.hc.client5.http.impl.classic.InternalHttpClient.doExecute(InternalHttpClient.java:170)
at org.apache.hc.client5.http.impl.classic.CloseableHttpClient.execute(CloseableHttpClient.java:87)
at org.apache.hc.client5.http.impl.classic.CloseableHttpClient.execute(CloseableHttpClient.java:55)
at org.apache.hc.client5.http.classic.HttpClient.executeOpen(HttpClient.java:183)
at io.github.bonigarcia.wdm.online.HttpClient.execute(HttpClient.java:157)
at io.github.bonigarcia.wdm.WebDriverManager.getDriversFromXml(WebDriverManager.java:1581)
... 41 more
... Removed 29 stack frames]]>
    </failure>
  </testcase> <!-- @BeforeMethod browserSetUp -->
  <testcase classname="com.demowebshop.base.BaseClass" name="@AfterMethod browserTearDown" time="0.0">
    <skipped/>
  </testcase> <!-- @AfterMethod browserTearDown -->
  <testcase classname="com.demowebshop.base.BaseClass" name="@BeforeMethod browserSetUp" time="0.0">
    <skipped/>
  </testcase> <!-- @BeforeMethod browserSetUp -->
  <testcase classname="com.demowebshop.base.BaseClass" name="@AfterMethod browserTearDown" time="0.0">
    <skipped/>
  </testcase> <!-- @AfterMethod browserTearDown -->
  <testcase classname="com.demowebshop.base.BaseClass" name="@BeforeMethod browserSetUp" time="0.0">
    <skipped/>
  </testcase> <!-- @BeforeMethod browserSetUp -->
  <testcase classname="com.demowebshop.base.BaseClass" name="@AfterMethod browserTearDown" time="0.0">
    <skipped/>
  </testcase> <!-- @AfterMethod browserTearDown -->
  <testcase classname="com.demowebshop.base.BaseClass" name="@BeforeMethod browserSetUp" time="0.0">
    <skipped/>
  </testcase> <!-- @BeforeMethod browserSetUp -->
  <testcase classname="com.demowebshop.base.BaseClass" name="@AfterMethod browserTearDown" time="0.0">
    <skipped/>
  </testcase> <!-- @AfterMethod browserTearDown -->
  <testcase classname="com.demowebshop.base.BaseClass" name="@BeforeMethod browserSetUp" time="0.0">
    <skipped/>
  </testcase> <!-- @BeforeMethod browserSetUp -->
  <testcase classname="com.demowebshop.base.BaseClass" name="@AfterMethod browserTearDown" time="0.0">
    <skipped/>
  </testcase> <!-- @AfterMethod browserTearDown -->
  <testcase classname="com.demowebshop.base.BaseClass" name="@BeforeMethod browserSetUp" time="0.0">
    <skipped/>
  </testcase> <!-- @BeforeMethod browserSetUp -->
  <testcase classname="com.demowebshop.base.BaseClass" name="@AfterMethod browserTearDown" time="0.0">
    <skipped/>
  </testcase> <!-- @AfterMethod browserTearDown -->
  <testcase classname="com.demowebshop.base.BaseClass" name="@BeforeMethod browserSetUp" time="0.0">
    <skipped/>
  </testcase> <!-- @BeforeMethod browserSetUp -->
  <testcase classname="com.demowebshop.base.BaseClass" name="@AfterMethod browserTearDown" time="0.0">
    <skipped/>
  </testcase> <!-- @AfterMethod browserTearDown -->
  <testcase classname="com.demowebshop.base.BaseClass" name="@BeforeMethod browserSetUp" time="0.0">
    <skipped/>
  </testcase> <!-- @BeforeMethod browserSetUp -->
  <testcase classname="com.demowebshop.base.BaseClass" name="@AfterMethod browserTearDown" time="0.0">
    <skipped/>
  </testcase> <!-- @AfterMethod browserTearDown -->
  <testcase classname="com.demowebshop.base.BaseClass" name="@BeforeMethod browserSetUp" time="0.0">
    <skipped/>
  </testcase> <!-- @BeforeMethod browserSetUp -->
  <testcase classname="com.demowebshop.base.BaseClass" name="@AfterMethod browserTearDown" time="0.0">
    <skipped/>
  </testcase> <!-- @AfterMethod browserTearDown -->
  <testcase classname="com.hybridframework.practice.scenarios.LoginTest_TC1" name="verifyValidLogin" time="0.0">
    <skipped/>
  </testcase> <!-- verifyValidLogin -->
  <testcase classname="com.hybridframework.practice.scenarios.LoginTest_TC1" name="verifyInvalidUsernameandPasswordLogin" time="0.0">
    <skipped/>
  </testcase> <!-- verifyInvalidUsernameandPasswordLogin -->
  <testcase classname="com.hybridframework.practice.scenarios.LoginTest_TC1" name="verifyValidUsernameInvalidPasswordLogin" time="0.0">
    <skipped/>
  </testcase> <!-- verifyValidUsernameInvalidPasswordLogin -->
  <testcase classname="com.hybridframework.practice.scenarios.LoginTest_TC1" name="verifyInvalidUsernameValidPasswordLogin" time="0.0">
    <skipped/>
  </testcase> <!-- verifyInvalidUsernameValidPasswordLogin -->
  <testcase classname="com.hybridframework.practice.scenarios.LoginTest_TC1" name="verifyLoginWithoutCredentials" time="0.0">
    <skipped/>
  </testcase> <!-- verifyLoginWithoutCredentials -->
  <testcase classname="com.hybridframework.practice.scenarios.RegisterTest_TC2" name="verifyRegisterwithALLField" time="0.0">
    <skipped/>
  </testcase> <!-- verifyRegisterwithALLField -->
  <testcase classname="com.hybridframework.practice.scenarios.RegisterTest_TC2" name="verifyRegisterwithMandatoryField" time="0.0">
    <skipped/>
  </testcase> <!-- verifyRegisterwithMandatoryField -->
  <testcase classname="com.hybridframework.practice.scenarios.RegisterTest_TC2" name="verifyRegisterwithExistingEmail" time="0.0">
    <skipped/>
  </testcase> <!-- verifyRegisterwithExistingEmail -->
  <testcase classname="com.hybridframework.practice.scenarios.RegisterTest_TC2" name="verifyRegisterwithoutProvidingCredentials" time="0.001">
    <skipped/>
  </testcase> <!-- verifyRegisterwithoutProvidingCredentials -->
  <testcase classname="com.hybridframework.practice.scenarios.SearchTest_TC3" name="verifySearchWithValidProduct" time="0.0">
    <skipped/>
  </testcase> <!-- verifySearchWithValidProduct -->
  <testcase classname="com.hybridframework.practice.scenarios.SearchTest_TC3" name="verifySearchWithInvalidProduct" time="0.0">
    <skipped/>
  </testcase> <!-- verifySearchWithInvalidProduct -->
  <testcase classname="com.hybridframework.practice.scenarios.SearchTest_TC3" name="verifyEmptySearch" time="0.0">
    <skipped/>
  </testcase> <!-- verifyEmptySearch -->
  <testcase classname="com.hybridframework.practice.scenarios.SearchTest_TC3" name="verifyingSearchWithDDT" time="0.001">
    <skipped/>
  </testcase> <!-- verifyingSearchWithDDT -->
  <testcase classname="com.hybridframework.practice.scenarios.SearchTest_TC3" name="verifyingSearchWithDDT" time="0.0">
    <skipped/>
  </testcase> <!-- verifyingSearchWithDDT -->
  <testcase classname="com.hybridframework.practice.scenarios.SearchTest_TC3" name="verifyingSearchWithDDT" time="0.0">
    <skipped/>
  </testcase> <!-- verifyingSearchWithDDT -->
  <testcase classname="com.hybridframework.practice.scenarios.SearchTest_TC3" name="verifyingSearchWithDDT" time="0.0">
    <skipped/>
  </testcase> <!-- verifyingSearchWithDDT -->
  <testcase classname="com.hybridframework.practice.scenarios.SearchTest_TC3" name="verifyingSearchWithDDT" time="0.0">
    <skipped/>
  </testcase> <!-- verifyingSearchWithDDT -->
  <testcase classname="com.hybridframework.practice.scenarios.SearchTest_TC3" name="verifyingSearchWithDDT" time="0.0">
    <skipped/>
  </testcase> <!-- verifyingSearchWithDDT -->
</testsuite> <!-- Test -->
