<?xml version="1.0" encoding="UTF-8"?>
<!-- Generated by org.testng.reporters.JUnitXMLReporter -->
<testsuite ignored="0" hostname="LAPTOP-3LETJHVP" failures="0" tests="24" name="chrometest" time="122.27" errors="0" timestamp="2026-08-15T11:33:06 IST">
  <testcase classname="com.demowebshop.base.BaseClass" name="@BeforeMethod browserSetUp" time="14.722">
    <failure type="org.openqa.selenium.NoSuchSessionException" message="Tried to run command without establishing a connection
Build info: version: &amp;apos;4.32.0&amp;apos;, revision: &amp;apos;d17c8aa950&amp;apos;
System info: os.name: &amp;apos;Windows 11&amp;apos;, os.arch: &amp;apos;amd64&amp;apos;, os.version: &amp;apos;10.0&amp;apos;, java.version: &amp;apos;25.0.3&amp;apos;
Driver info: org.openqa.selenium.remote.RemoteWebDriver
Command: [474652a0-cbb6-4b82-955b-be5eb3b342a2, maximizeCurrentWindow {}]
Capabilities {acceptInsecureCerts: false, browserName: firefox, browserVersion: 148.0, moz:accessibilityChecks: false, moz:buildID: 20260216153405, moz:geckodriverVersion: 0.37.1, moz:headless: false, moz:platformVersion: 10.0, moz:processID: 16436, moz:profile: C:\Users\saeer\AppData\Loca..., moz:shutdownTimeout: 60000, moz:webdriverClick: true, moz:windowless: false, pageLoadStrategy: normal, platformName: Windows 11, proxy: Proxy(), se:bidiEnabled: false, se:cdpEnabled: false, setWindowRect: true, strictFileInteractability: false, timeouts: {implicit: 0, pageLoad: 300000, script: 30000}, unhandledPromptBehavior: dismiss and notify, userAgent: Mozilla/5.0 (Windows NT 10....}
Session ID: 474652a0-cbb6-4b82-955b-be5eb3b342a2">
      <![CDATA[org.openqa.selenium.NoSuchSessionException: Tried to run command without establishing a connection
Build info: version: '4.32.0', revision: 'd17c8aa950'
System info: os.name: 'Windows 11', os.arch: 'amd64', os.version: '10.0', java.version: '25.0.3'
Driver info: org.openqa.selenium.remote.RemoteWebDriver
Command: [474652a0-cbb6-4b82-955b-be5eb3b342a2, maximizeCurrentWindow {}]
Capabilities {acceptInsecureCerts: false, browserName: firefox, browserVersion: 148.0, moz:accessibilityChecks: false, moz:buildID: 20260216153405, moz:geckodriverVersion: 0.37.1, moz:headless: false, moz:platformVersion: 10.0, moz:processID: 16436, moz:profile: C:\Users\saeer\AppData\Loca..., moz:shutdownTimeout: 60000, moz:webdriverClick: true, moz:windowless: false, pageLoadStrategy: normal, platformName: Windows 11, proxy: Proxy(), se:bidiEnabled: false, se:cdpEnabled: false, setWindowRect: true, strictFileInteractability: false, timeouts: {implicit: 0, pageLoad: 300000, script: 30000}, unhandledPromptBehavior: dismiss and notify, userAgent: Mozilla/5.0 (Windows NT 10....}
Session ID: 474652a0-cbb6-4b82-955b-be5eb3b342a2
at org.openqa.selenium.remote.ErrorCodec.decode(ErrorCodec.java:167)
at org.openqa.selenium.remote.codec.w3c.W3CHttpResponseCodec.decode(W3CHttpResponseCodec.java:138)
at org.openqa.selenium.remote.codec.w3c.W3CHttpResponseCodec.decode(W3CHttpResponseCodec.java:50)
at org.openqa.selenium.remote.HttpCommandExecutor.execute(HttpCommandExecutor.java:215)
at org.openqa.selenium.remote.TracedCommandExecutor.execute(TracedCommandExecutor.java:53)
at org.openqa.selenium.remote.RemoteWebDriver.execute(RemoteWebDriver.java:545)
at org.openqa.selenium.remote.RemoteWebDriver.execute(RemoteWebDriver.java:618)
at org.openqa.selenium.remote.RemoteWebDriver.execute(RemoteWebDriver.java:622)
at org.openqa.selenium.remote.RemoteWebDriver$RemoteWebDriverOptions$RemoteWindow.maximize(RemoteWebDriver.java:1067)
at com.demowebshop.base.BaseClass.browserSetUp(BaseClass.java:153)
at java.base/java.util.ArrayList.forEach(ArrayList.java:1604)
at java.base/java.util.concurrent.FutureTask.run(FutureTask.java:328)
at java.base/java.util.concurrent.ThreadPoolExecutor.runWorker(ThreadPoolExecutor.java:1090)
at java.base/java.util.concurrent.ThreadPoolExecutor$Worker.run(ThreadPoolExecutor.java:614)
at java.base/java.lang.Thread.run(Thread.java:1474)
... Removed 22 stack frames]]>
    </failure>
  </testcase> <!-- @BeforeMethod browserSetUp -->
  <testcase classname="com.demowebshop.base.BaseClass" name="@AfterMethod browserTearDown" time="0.0">
    <skipped/>
  </testcase> <!-- @AfterMethod browserTearDown -->
  <testcase classname="com.demowebshop.base.BaseClass" name="@AfterMethod browserTearDown" time="0.414">
    <failure type="org.openqa.selenium.WebDriverException" message="Unable to execute request for an existing session: Failed to execute request (DELETE http://localhost:41026/session/a08d475de09cc139ed8749611974b32d)
Build info: version: &amp;apos;4.32.0&amp;apos;, revision: &amp;apos;d17c8aa950&amp;apos;
System info: os.name: &amp;apos;Windows 11&amp;apos;, os.arch: &amp;apos;amd64&amp;apos;, os.version: &amp;apos;10.0&amp;apos;, java.version: &amp;apos;25.0.3&amp;apos;
Driver info: org.openqa.selenium.remote.RemoteWebDriver
Command: [a08d475de09cc139ed8749611974b32d, quit {}]
Capabilities {acceptInsecureCerts: false, browserName: chrome, browserVersion: 151.0.7922.138, chrome: {chromedriverVersion: 151.0.7922.138 (41fa8244239..., userDataDir: C:\Users\saeer\AppData\Loca...}, fedcm:accounts: true, goog:chromeOptions: {debuggerAddress: localhost:62410}, goog:processID: 5992, networkConnectionEnabled: false, pageLoadStrategy: normal, platformName: Windows 11, proxy: Proxy(), se:bidiEnabled: false, se:cdp: ws://192.168.0.4:4444/sessi..., se:cdpVersion: 151.0.7922.138, setWindowRect: true, strictFileInteractability: false, timeouts: {implicit: 0, pageLoad: 300000, script: 30000}, unhandledPromptBehavior: dismiss and notify, webauthn:extension:credBlob: true, webauthn:extension:largeBlob: true, webauthn:extension:minPinLength: true, webauthn:extension:prf: true, webauthn:virtualAuthenticators: true}
Session ID: a08d475de09cc139ed8749611974b32d">
      <![CDATA[org.openqa.selenium.WebDriverException: Unable to execute request for an existing session: Failed to execute request (DELETE http://localhost:41026/session/a08d475de09cc139ed8749611974b32d)
Build info: version: '4.32.0', revision: 'd17c8aa950'
System info: os.name: 'Windows 11', os.arch: 'amd64', os.version: '10.0', java.version: '25.0.3'
Driver info: org.openqa.selenium.remote.RemoteWebDriver
Command: [a08d475de09cc139ed8749611974b32d, quit {}]
Capabilities {acceptInsecureCerts: false, browserName: chrome, browserVersion: 151.0.7922.138, chrome: {chromedriverVersion: 151.0.7922.138 (41fa8244239..., userDataDir: C:\Users\saeer\AppData\Loca...}, fedcm:accounts: true, goog:chromeOptions: {debuggerAddress: localhost:62410}, goog:processID: 5992, networkConnectionEnabled: false, pageLoadStrategy: normal, platformName: Windows 11, proxy: Proxy(), se:bidiEnabled: false, se:cdp: ws://192.168.0.4:4444/sessi..., se:cdpVersion: 151.0.7922.138, setWindowRect: true, strictFileInteractability: false, timeouts: {implicit: 0, pageLoad: 300000, script: 30000}, unhandledPromptBehavior: dismiss and notify, webauthn:extension:credBlob: true, webauthn:extension:largeBlob: true, webauthn:extension:minPinLength: true, webauthn:extension:prf: true, webauthn:virtualAuthenticators: true}
Session ID: a08d475de09cc139ed8749611974b32d
at org.openqa.selenium.remote.ErrorCodec.decode(ErrorCodec.java:167)
at org.openqa.selenium.remote.codec.w3c.W3CHttpResponseCodec.decode(W3CHttpResponseCodec.java:138)
at org.openqa.selenium.remote.codec.w3c.W3CHttpResponseCodec.decode(W3CHttpResponseCodec.java:50)
at org.openqa.selenium.remote.HttpCommandExecutor.execute(HttpCommandExecutor.java:215)
at org.openqa.selenium.remote.TracedCommandExecutor.execute(TracedCommandExecutor.java:53)
at org.openqa.selenium.remote.RemoteWebDriver.execute(RemoteWebDriver.java:545)
at org.openqa.selenium.remote.RemoteWebDriver.execute(RemoteWebDriver.java:618)
at org.openqa.selenium.remote.RemoteWebDriver.execute(RemoteWebDriver.java:622)
at org.openqa.selenium.remote.RemoteWebDriver.quit(RemoteWebDriver.java:446)
at com.demowebshop.base.BaseClass.browserTearDown(BaseClass.java:162)
at java.base/java.util.ArrayList.forEach(ArrayList.java:1604)
at java.base/java.util.concurrent.FutureTask.run(FutureTask.java:328)
at java.base/java.util.concurrent.ThreadPoolExecutor.runWorker(ThreadPoolExecutor.java:1090)
at java.base/java.util.concurrent.ThreadPoolExecutor$Worker.run(ThreadPoolExecutor.java:614)
at java.base/java.lang.Thread.run(Thread.java:1474)
... Removed 23 stack frames]]>
    </failure>
  </testcase> <!-- @AfterMethod browserTearDown -->
  <testcase classname="com.demowebshop.base.BaseClass" name="@AfterMethod browserTearDown" time="0.48">
    <failure type="org.openqa.selenium.remote.UnreachableBrowserException" message="Error communicating with the remote browser. It may have died.
Build info: version: &amp;apos;4.32.0&amp;apos;, revision: &amp;apos;d17c8aa950&amp;apos;
System info: os.name: &amp;apos;Windows 11&amp;apos;, os.arch: &amp;apos;amd64&amp;apos;, os.version: &amp;apos;10.0&amp;apos;, java.version: &amp;apos;25.0.3&amp;apos;
Driver info: org.openqa.selenium.remote.RemoteWebDriver
Command: [a08d475de09cc139ed8749611974b32d, quit []]
Capabilities {acceptInsecureCerts: false, browserName: chrome, browserVersion: 151.0.7922.138, chrome: {chromedriverVersion: 151.0.7922.138 (41fa8244239..., userDataDir: C:\Users\saeer\AppData\Loca...}, fedcm:accounts: true, goog:chromeOptions: {debuggerAddress: localhost:62410}, goog:processID: 5992, networkConnectionEnabled: false, pageLoadStrategy: normal, platformName: Windows 11, proxy: Proxy(), se:bidiEnabled: false, se:cdp: ws://192.168.0.4:4444/sessi..., se:cdpVersion: 151.0.7922.138, setWindowRect: true, strictFileInteractability: false, timeouts: {implicit: 0, pageLoad: 300000, script: 30000}, unhandledPromptBehavior: dismiss and notify, webauthn:extension:credBlob: true, webauthn:extension:largeBlob: true, webauthn:extension:minPinLength: true, webauthn:extension:prf: true, webauthn:virtualAuthenticators: true}">
      <![CDATA[org.openqa.selenium.remote.UnreachableBrowserException: Error communicating with the remote browser. It may have died.
Build info: version: '4.32.0', revision: 'd17c8aa950'
System info: os.name: 'Windows 11', os.arch: 'amd64', os.version: '10.0', java.version: '25.0.3'
Driver info: org.openqa.selenium.remote.RemoteWebDriver
Command: [a08d475de09cc139ed8749611974b32d, quit []]
Capabilities {acceptInsecureCerts: false, browserName: chrome, browserVersion: 151.0.7922.138, chrome: {chromedriverVersion: 151.0.7922.138 (41fa8244239..., userDataDir: C:\Users\saeer\AppData\Loca...}, fedcm:accounts: true, goog:chromeOptions: {debuggerAddress: localhost:62410}, goog:processID: 5992, networkConnectionEnabled: false, pageLoadStrategy: normal, platformName: Windows 11, proxy: Proxy(), se:bidiEnabled: false, se:cdp: ws://192.168.0.4:4444/sessi..., se:cdpVersion: 151.0.7922.138, setWindowRect: true, strictFileInteractability: false, timeouts: {implicit: 0, pageLoad: 300000, script: 30000}, unhandledPromptBehavior: dismiss and notify, webauthn:extension:credBlob: true, webauthn:extension:largeBlob: true, webauthn:extension:minPinLength: true, webauthn:extension:prf: true, webauthn:virtualAuthenticators: true}
at org.openqa.selenium.remote.RemoteWebDriver.execute(RemoteWebDriver.java:572)
at org.openqa.selenium.remote.RemoteWebDriver.execute(RemoteWebDriver.java:618)
at org.openqa.selenium.remote.RemoteWebDriver.execute(RemoteWebDriver.java:622)
at org.openqa.selenium.remote.RemoteWebDriver.quit(RemoteWebDriver.java:446)
at com.demowebshop.base.BaseClass.browserTearDown(BaseClass.java:162)
at java.base/java.util.ArrayList.forEach(ArrayList.java:1604)
at java.base/java.util.concurrent.FutureTask.run(FutureTask.java:328)
at java.base/java.util.concurrent.ThreadPoolExecutor.runWorker(ThreadPoolExecutor.java:1090)
at java.base/java.util.concurrent.ThreadPoolExecutor$Worker.run(ThreadPoolExecutor.java:614)
at java.base/java.lang.Thread.run(Thread.java:1474)
Caused by: java.io.UncheckedIOException: java.io.IOException: Task jdk.internal.net.http.common.SequentialScheduler$SchedulableTask@2b4c7cd3 rejected from java.util.concurrent.ThreadPoolExecutor@46df03cb[Shutting down, pool size = 2, active threads = 2, queued tasks = 0, completed tasks = 105]
at org.openqa.selenium.remote.http.jdk.JdkHttpClient.execute0(JdkHttpClient.java:500)
at org.openqa.selenium.remote.http.AddSeleniumUserAgent.lambda$apply$0(AddSeleniumUserAgent.java:42)
at org.openqa.selenium.remote.http.Filter.lambda$andFinally$1(Filter.java:55)
at org.openqa.selenium.remote.http.jdk.JdkHttpClient.lambda$executeAsync$2(JdkHttpClient.java:387)
at java.base/java.util.concurrent.Executors$RunnableAdapter.call(Executors.java:545)
... 4 more
Caused by: java.io.IOException: Task jdk.internal.net.http.common.SequentialScheduler$SchedulableTask@2b4c7cd3 rejected from java.util.concurrent.ThreadPoolExecutor@46df03cb[Shutting down, pool size = 2, active threads = 2, queued tasks = 0, completed tasks = 105]
at java.net.http/jdk.internal.net.http.HttpClientImpl.send(HttpClientImpl.java:940)
at java.net.http/jdk.internal.net.http.HttpClientFacade.send(HttpClientFacade.java:133)
at org.openqa.selenium.remote.http.jdk.JdkHttpClient.execute0(JdkHttpClient.java:459)
... 8 more
Caused by: java.util.concurrent.RejectedExecutionException: Task jdk.internal.net.http.common.SequentialScheduler$SchedulableTask@2b4c7cd3 rejected from java.util.concurrent.ThreadPoolExecutor@46df03cb[Shutting down, pool size = 2, active threads = 2, queued tasks = 0, completed tasks = 105]
at java.base/java.util.concurrent.ThreadPoolExecutor$AbortPolicy.rejectedExecution(ThreadPoolExecutor.java:2032)
at java.base/java.util.concurrent.ThreadPoolExecutor.reject(ThreadPoolExecutor.java:787)
at java.base/java.util.concurrent.ThreadPoolExecutor.execute(ThreadPoolExecutor.java:1328)
at java.net.http/jdk.internal.net.http.HttpClientImpl$DelegatingExecutor.ensureExecutedAsync(HttpClientImpl.java:174)
at java.net.http/jdk.internal.net.http.HttpClientImpl$DelegatingExecutor.execute(HttpClientImpl.java:166)
at java.net.http/jdk.internal.net.http.common.SequentialScheduler.runOrSchedule(SequentialScheduler.java:282)
at java.net.http/jdk.internal.net.http.common.SequentialScheduler.runOrSchedule(SequentialScheduler.java:251)
at java.net.http/jdk.internal.net.http.Http1AsyncReceiver.asyncReceive(Http1AsyncReceiver.java:470)
at java.net.http/jdk.internal.net.http.Http1AsyncReceiver$Http1TubeSubscriber.onNext(Http1AsyncReceiver.java:591)
at java.net.http/jdk.internal.net.http.Http1AsyncReceiver$Http1TubeSubscriber.onNext(Http1AsyncReceiver.java:548)
at java.net.http/jdk.internal.net.http.SocketTube$InternalReadPublisher$InternalReadSubscription.read(SocketTube.java:895)
at java.net.http/jdk.internal.net.http.SocketTube$SocketFlowTask.run(SocketTube.java:181)
at java.net.http/jdk.internal.net.http.common.SequentialScheduler$SchedulableTask.run(SequentialScheduler.java:207)
at java.net.http/jdk.internal.net.http.common.SequentialScheduler.runOrSchedule(SequentialScheduler.java:280)
at java.net.http/jdk.internal.net.http.common.SequentialScheduler.runOrSchedule(SequentialScheduler.java:233)
at java.net.http/jdk.internal.net.http.SocketTube$InternalReadPublisher$InternalReadSubscription.signalReadable(SocketTube.java:812)
at java.net.http/jdk.internal.net.http.SocketTube$InternalReadPublisher$ReadEvent.signalEvent(SocketTube.java:1002)
at java.net.http/jdk.internal.net.http.SocketTube$SocketFlowEvent.handle(SocketTube.java:253)
at java.net.http/jdk.internal.net.http.HttpClientImpl$SelectorManager.handleEvent(HttpClientImpl.java:1439)
at java.net.http/jdk.internal.net.http.HttpClientImpl$SelectorManager.lambda$run$3(HttpClientImpl.java:1384)
at java.base/java.util.ArrayList.forEach(ArrayList.java:1604)
at java.net.http/jdk.internal.net.http.HttpClientImpl$SelectorManager.run(HttpClientImpl.java:1384)
... Removed 20 stack frames]]>
    </failure>
  </testcase> <!-- @AfterMethod browserTearDown -->
  <testcase classname="com.demowebshop.base.BaseClass" name="@BeforeMethod browserSetUp" time="0.0">
    <skipped/>
  </testcase> <!-- @BeforeMethod browserSetUp -->
  <testcase classname="com.demowebshop.base.BaseClass" name="@AfterMethod browserTearDown" time="0.0">
    <skipped/>
  </testcase> <!-- @AfterMethod browserTearDown -->
  <testcase classname="com.demowebshop.base.BaseClass" name="@BeforeMethod browserSetUp" time="10.261">
    <failure type="org.openqa.selenium.NoSuchSessionException" message="Tried to run command without establishing a connection
Build info: version: &amp;apos;4.32.0&amp;apos;, revision: &amp;apos;d17c8aa950&amp;apos;
System info: os.name: &amp;apos;Windows 11&amp;apos;, os.arch: &amp;apos;amd64&amp;apos;, os.version: &amp;apos;10.0&amp;apos;, java.version: &amp;apos;25.0.3&amp;apos;
Driver info: org.openqa.selenium.remote.RemoteWebDriver
Command: [e285f53d-63c8-469b-9936-953ef852921d, maximizeCurrentWindow {}]
Capabilities {acceptInsecureCerts: false, browserName: firefox, browserVersion: 148.0, moz:accessibilityChecks: false, moz:buildID: 20260216153405, moz:geckodriverVersion: 0.37.1, moz:headless: false, moz:platformVersion: 10.0, moz:processID: 22488, moz:profile: C:\Users\saeer\AppData\Loca..., moz:shutdownTimeout: 60000, moz:webdriverClick: true, moz:windowless: false, pageLoadStrategy: normal, platformName: Windows 11, proxy: Proxy(), se:bidiEnabled: false, se:cdpEnabled: false, setWindowRect: true, strictFileInteractability: false, timeouts: {implicit: 0, pageLoad: 300000, script: 30000}, unhandledPromptBehavior: dismiss and notify, userAgent: Mozilla/5.0 (Windows NT 10....}
Session ID: e285f53d-63c8-469b-9936-953ef852921d">
      <![CDATA[org.openqa.selenium.NoSuchSessionException: Tried to run command without establishing a connection
Build info: version: '4.32.0', revision: 'd17c8aa950'
System info: os.name: 'Windows 11', os.arch: 'amd64', os.version: '10.0', java.version: '25.0.3'
Driver info: org.openqa.selenium.remote.RemoteWebDriver
Command: [e285f53d-63c8-469b-9936-953ef852921d, maximizeCurrentWindow {}]
Capabilities {acceptInsecureCerts: false, browserName: firefox, browserVersion: 148.0, moz:accessibilityChecks: false, moz:buildID: 20260216153405, moz:geckodriverVersion: 0.37.1, moz:headless: false, moz:platformVersion: 10.0, moz:processID: 22488, moz:profile: C:\Users\saeer\AppData\Loca..., moz:shutdownTimeout: 60000, moz:webdriverClick: true, moz:windowless: false, pageLoadStrategy: normal, platformName: Windows 11, proxy: Proxy(), se:bidiEnabled: false, se:cdpEnabled: false, setWindowRect: true, strictFileInteractability: false, timeouts: {implicit: 0, pageLoad: 300000, script: 30000}, unhandledPromptBehavior: dismiss and notify, userAgent: Mozilla/5.0 (Windows NT 10....}
Session ID: e285f53d-63c8-469b-9936-953ef852921d
at org.openqa.selenium.remote.ErrorCodec.decode(ErrorCodec.java:167)
at org.openqa.selenium.remote.codec.w3c.W3CHttpResponseCodec.decode(W3CHttpResponseCodec.java:138)
at org.openqa.selenium.remote.codec.w3c.W3CHttpResponseCodec.decode(W3CHttpResponseCodec.java:50)
at org.openqa.selenium.remote.HttpCommandExecutor.execute(HttpCommandExecutor.java:215)
at org.openqa.selenium.remote.TracedCommandExecutor.execute(TracedCommandExecutor.java:53)
at org.openqa.selenium.remote.RemoteWebDriver.execute(RemoteWebDriver.java:545)
at org.openqa.selenium.remote.RemoteWebDriver.execute(RemoteWebDriver.java:618)
at org.openqa.selenium.remote.RemoteWebDriver.execute(RemoteWebDriver.java:622)
at org.openqa.selenium.remote.RemoteWebDriver$RemoteWebDriverOptions$RemoteWindow.maximize(RemoteWebDriver.java:1067)
at com.demowebshop.base.BaseClass.browserSetUp(BaseClass.java:153)
at java.base/java.util.ArrayList.forEach(ArrayList.java:1604)
at java.base/java.util.concurrent.FutureTask.run(FutureTask.java:328)
at java.base/java.util.concurrent.ThreadPoolExecutor.runWorker(ThreadPoolExecutor.java:1090)
at java.base/java.util.concurrent.ThreadPoolExecutor$Worker.run(ThreadPoolExecutor.java:614)
at java.base/java.lang.Thread.run(Thread.java:1474)
... Removed 22 stack frames]]>
    </failure>
  </testcase> <!-- @BeforeMethod browserSetUp -->
  <testcase classname="com.demowebshop.base.BaseClass" name="@AfterMethod browserTearDown" time="0.0">
    <skipped/>
  </testcase> <!-- @AfterMethod browserTearDown -->
  <testcase classname="com.demowebshop.base.BaseClass" name="@BeforeMethod browserSetUp" time="0.0">
    <skipped/>
  </testcase> <!-- @BeforeMethod browserSetUp -->
  <testcase classname="com.demowebshop.base.BaseClass" name="@AfterMethod browserTearDown" time="0.0">
    <skipped/>
  </testcase> <!-- @AfterMethod browserTearDown -->
  <testcase classname="com.demowebshop.base.BaseClass" name="@BeforeMethod browserSetUp" time="0.0">
    <skipped/>
  </testcase> <!-- @BeforeMethod browserSetUp -->
  <testcase classname="com.demowebshop.base.BaseClass" name="@AfterMethod browserTearDown" time="0.0">
    <skipped/>
  </testcase> <!-- @AfterMethod browserTearDown -->
  <testcase classname="com.demowebshop.base.BaseClass" name="@BeforeMethod browserSetUp" time="0.0">
    <skipped/>
  </testcase> <!-- @BeforeMethod browserSetUp -->
  <testcase classname="com.demowebshop.base.BaseClass" name="@AfterMethod browserTearDown" time="0.0">
    <skipped/>
  </testcase> <!-- @AfterMethod browserTearDown -->
  <testcase classname="com.demowebshop.base.BaseClass" name="@BeforeMethod browserSetUp" time="0.0">
    <skipped/>
  </testcase> <!-- @BeforeMethod browserSetUp -->
  <testcase classname="com.demowebshop.base.BaseClass" name="@AfterMethod browserTearDown" time="0.0">
    <skipped/>
  </testcase> <!-- @AfterMethod browserTearDown -->
  <testcase classname="com.demowebshop.base.BaseClass" name="@BeforeMethod browserSetUp" time="0.0">
    <skipped/>
  </testcase> <!-- @BeforeMethod browserSetUp -->
  <testcase classname="com.demowebshop.base.BaseClass" name="@AfterMethod browserTearDown" time="0.0">
    <skipped/>
  </testcase> <!-- @AfterMethod browserTearDown -->
  <testcase classname="com.demowebshop.base.BaseClass" name="@BeforeMethod browserSetUp" time="0.0">
    <skipped/>
  </testcase> <!-- @BeforeMethod browserSetUp -->
  <testcase classname="com.demowebshop.base.BaseClass" name="@AfterMethod browserTearDown" time="0.0">
    <skipped/>
  </testcase> <!-- @AfterMethod browserTearDown -->
  <testcase classname="com.demowebshop.base.BaseClass" name="@BeforeMethod browserSetUp" time="0.0">
    <skipped/>
  </testcase> <!-- @BeforeMethod browserSetUp -->
  <testcase classname="com.demowebshop.base.BaseClass" name="@AfterMethod browserTearDown" time="0.0">
    <skipped/>
  </testcase> <!-- @AfterMethod browserTearDown -->
  <testcase classname="com.demowebshop.base.BaseClass" name="@BeforeMethod browserSetUp" time="0.0">
    <skipped/>
  </testcase> <!-- @BeforeMethod browserSetUp -->
  <testcase classname="com.demowebshop.base.BaseClass" name="@AfterMethod browserTearDown" time="0.0">
    <skipped/>
  </testcase> <!-- @AfterMethod browserTearDown -->
  <testcase classname="com.demowebshop.base.BaseClass" name="@BeforeMethod browserSetUp" time="0.0">
    <skipped/>
  </testcase> <!-- @BeforeMethod browserSetUp -->
  <testcase classname="com.demowebshop.base.BaseClass" name="@AfterMethod browserTearDown" time="0.0">
    <skipped/>
  </testcase> <!-- @AfterMethod browserTearDown -->
  <testcase classname="com.demowebshop.base.BaseClass" name="@BeforeMethod browserSetUp" time="0.0">
    <skipped/>
  </testcase> <!-- @BeforeMethod browserSetUp -->
  <testcase classname="com.demowebshop.base.BaseClass" name="@AfterMethod browserTearDown" time="0.0">
    <skipped/>
  </testcase> <!-- @AfterMethod browserTearDown -->
  <testcase classname="com.demowebshop.base.BaseClass" name="@BeforeMethod browserSetUp" time="0.0">
    <skipped/>
  </testcase> <!-- @BeforeMethod browserSetUp -->
  <testcase classname="com.demowebshop.base.BaseClass" name="@AfterMethod browserTearDown" time="0.0">
    <skipped/>
  </testcase> <!-- @AfterMethod browserTearDown -->
  <testcase classname="com.demowebshop.base.BaseClass" name="@BeforeMethod browserSetUp" time="0.0">
    <skipped/>
  </testcase> <!-- @BeforeMethod browserSetUp -->
  <testcase classname="com.demowebshop.base.BaseClass" name="@AfterMethod browserTearDown" time="0.0">
    <skipped/>
  </testcase> <!-- @AfterMethod browserTearDown -->
  <testcase classname="com.demowebshop.base.BaseClass" name="@BeforeMethod browserSetUp" time="0.0">
    <skipped/>
  </testcase> <!-- @BeforeMethod browserSetUp -->
  <testcase classname="com.demowebshop.base.BaseClass" name="@AfterMethod browserTearDown" time="0.0">
    <skipped/>
  </testcase> <!-- @AfterMethod browserTearDown -->
  <testcase classname="com.demowebshop.base.BaseClass" name="@BeforeMethod browserSetUp" time="0.0">
    <skipped/>
  </testcase> <!-- @BeforeMethod browserSetUp -->
  <testcase classname="com.demowebshop.base.BaseClass" name="@AfterMethod browserTearDown" time="0.0">
    <skipped/>
  </testcase> <!-- @AfterMethod browserTearDown -->
  <testcase classname="com.demowebshop.base.BaseClass" name="@BeforeMethod browserSetUp" time="0.0">
    <skipped/>
  </testcase> <!-- @BeforeMethod browserSetUp -->
  <testcase classname="com.demowebshop.base.BaseClass" name="@AfterMethod browserTearDown" time="0.0">
    <skipped/>
  </testcase> <!-- @AfterMethod browserTearDown -->
  <testcase classname="com.demowebshop.base.BaseClass" name="@BeforeMethod browserSetUp" time="0.0">
    <skipped/>
  </testcase> <!-- @BeforeMethod browserSetUp -->
  <testcase classname="com.demowebshop.base.BaseClass" name="@AfterMethod browserTearDown" time="0.0">
    <skipped/>
  </testcase> <!-- @AfterMethod browserTearDown -->
  <testcase classname="com.demowebshop.base.BaseClass" name="@BeforeMethod browserSetUp" time="0.0">
    <skipped/>
  </testcase> <!-- @BeforeMethod browserSetUp -->
  <testcase classname="com.demowebshop.base.BaseClass" name="@AfterMethod browserTearDown" time="0.0">
    <skipped/>
  </testcase> <!-- @AfterMethod browserTearDown -->
  <testcase classname="com.demowebshop.base.BaseClass" name="@BeforeMethod browserSetUp" time="0.0">
    <skipped/>
  </testcase> <!-- @BeforeMethod browserSetUp -->
  <testcase classname="com.demowebshop.base.BaseClass" name="@AfterMethod browserTearDown" time="0.0">
    <skipped/>
  </testcase> <!-- @AfterMethod browserTearDown -->
  <testcase classname="com.demowebshop.base.BaseClass" name="@BeforeMethod browserSetUp" time="0.0">
    <skipped/>
  </testcase> <!-- @BeforeMethod browserSetUp -->
  <testcase classname="com.demowebshop.base.BaseClass" name="@AfterMethod browserTearDown" time="0.0">
    <skipped/>
  </testcase> <!-- @AfterMethod browserTearDown -->
  <testcase classname="com.demowebshop.base.BaseClass" name="@BeforeMethod browserSetUp" time="0.0">
    <skipped/>
  </testcase> <!-- @BeforeMethod browserSetUp -->
  <testcase classname="com.demowebshop.base.BaseClass" name="@AfterMethod browserTearDown" time="0.0">
    <skipped/>
  </testcase> <!-- @AfterMethod browserTearDown -->
  <testcase classname="com.demowebshop.base.BaseClass" name="@BeforeMethod browserSetUp" time="0.0">
    <skipped/>
  </testcase> <!-- @BeforeMethod browserSetUp -->
  <testcase classname="com.demowebshop.base.BaseClass" name="@AfterMethod browserTearDown" time="0.0">
    <skipped/>
  </testcase> <!-- @AfterMethod browserTearDown -->
  <testcase classname="com.demowebshop.base.BaseClass" name="@BeforeMethod browserSetUp" time="0.0">
    <skipped/>
  </testcase> <!-- @BeforeMethod browserSetUp -->
  <testcase classname="com.demowebshop.base.BaseClass" name="@AfterMethod browserTearDown" time="0.0">
    <skipped/>
  </testcase> <!-- @AfterMethod browserTearDown -->
  <testcase classname="com.demowebshop.base.BaseClass" name="@BeforeMethod browserSetUp" time="0.0">
    <skipped/>
  </testcase> <!-- @BeforeMethod browserSetUp -->
  <testcase classname="com.demowebshop.base.BaseClass" name="@AfterMethod browserTearDown" time="0.0">
    <skipped/>
  </testcase> <!-- @AfterMethod browserTearDown -->
  <testcase classname="com.demowebshop.base.BaseClass" name="@BeforeMethod browserSetUp" time="0.0">
    <skipped/>
  </testcase> <!-- @BeforeMethod browserSetUp -->
  <testcase classname="com.demowebshop.base.BaseClass" name="@AfterMethod browserTearDown" time="0.0">
    <skipped/>
  </testcase> <!-- @AfterMethod browserTearDown -->
  <testcase classname="com.demowebshop.base.BaseClass" name="@BeforeMethod browserSetUp" time="0.0">
    <skipped/>
  </testcase> <!-- @BeforeMethod browserSetUp -->
  <testcase classname="com.demowebshop.base.BaseClass" name="@AfterMethod browserTearDown" time="0.0">
    <skipped/>
  </testcase> <!-- @AfterMethod browserTearDown -->
  <testcase classname="com.demowebshop.base.BaseClass" name="@BeforeMethod browserSetUp" time="0.0">
    <skipped/>
  </testcase> <!-- @BeforeMethod browserSetUp -->
  <testcase classname="com.demowebshop.base.BaseClass" name="@AfterMethod browserTearDown" time="0.0">
    <skipped/>
  </testcase> <!-- @AfterMethod browserTearDown -->
  <testcase classname="com.demowebshop.base.BaseClass" name="@BeforeMethod browserSetUp" time="0.0">
    <skipped/>
  </testcase> <!-- @BeforeMethod browserSetUp -->
  <testcase classname="com.demowebshop.base.BaseClass" name="@AfterMethod browserTearDown" time="0.0">
    <skipped/>
  </testcase> <!-- @AfterMethod browserTearDown -->
  <testcase classname="com.hybridframework.practice.scenarios.RegisterTest_TC2" name="verifyRegisterwithALLField" time="4.916"/>
  <testcase classname="com.hybridframework.practice.scenarios.SearchTest_TC3" name="verifySearchWithValidProduct" time="1.107"/>
  <testcase classname="com.hybridframework.practice.scenarios.LoginTest_TC1" name="verifyValidLogin" time="1.86"/>
  <testcase classname="com.hybridframework.practice.scenarios.LoginTest_TC1" name="verifyInvalidUsernameandPasswordLogin" time="1.517"/>
  <testcase classname="com.hybridframework.practice.scenarios.RegisterTest_TC2" name="verifyRegisterwithMandatoryField" time="3.796"/>
  <testcase classname="com.hybridframework.practice.scenarios.SearchTest_TC3" name="verifySearchWithInvalidProduct" time="1.295"/>
  <testcase classname="com.hybridframework.practice.scenarios.SearchTest_TC3" name="verifyEmptySearch" time="0.001">
    <skipped/>
  </testcase> <!-- verifyEmptySearch -->
  <testcase classname="com.hybridframework.practice.scenarios.RegisterTest_TC2" name="verifyRegisterwithExistingEmail" time="3.713"/>
  <testcase classname="com.hybridframework.practice.scenarios.LoginTest_TC1" name="verifyValidUsernameInvalidPasswordLogin" time="1.695"/>
  <testcase classname="com.hybridframework.practice.scenarios.LoginTest_TC1" name="verifyInvalidUsernameValidPasswordLogin" time="1.544"/>
  <testcase classname="com.hybridframework.practice.scenarios.RegisterTest_TC2" name="verifyRegisterwithoutProvidingCredentials" time="1.332"/>
  <testcase classname="com.hybridframework.practice.scenarios.SearchTest_TC3" name="verifyingSearchWithDDT" time="0.0">
    <skipped/>
  </testcase> <!-- verifyingSearchWithDDT -->
  <testcase classname="com.hybridframework.practice.scenarios.SearchTest_TC3" name="verifyingSearchWithDDT" time="0.001">
    <skipped/>
  </testcase> <!-- verifyingSearchWithDDT -->
  <testcase classname="com.hybridframework.practice.scenarios.SearchTest_TC3" name="verifyingSearchWithDDT" time="0.0">
    <skipped/>
  </testcase> <!-- verifyingSearchWithDDT -->
  <testcase classname="com.hybridframework.practice.scenarios.SearchTest_TC3" name="verifyingSearchWithDDT" time="0.0">
    <skipped/>
  </testcase> <!-- verifyingSearchWithDDT -->
  <testcase classname="com.hybridframework.practice.scenarios.SearchTest_TC3" name="verifyingSearchWithDDT" time="0.0">
    <skipped/>
  </testcase> <!-- verifyingSearchWithDDT -->
  <testcase classname="com.hybridframework.practice.scenarios.SearchTest_TC3" name="verifyingSearchWithDDT" time="0.0">
    <skipped/>
  </testcase> <!-- verifyingSearchWithDDT -->
  <testcase classname="com.hybridframework.practice.scenarios.LoginTest_TC1" name="verifyLoginWithoutCredentials" time="1.477"/>
  <testcase classname="com.hybridframework.practice.scenarios.LoginTest_TC1" name="verifyValidLoginDDT" time="1.947"/>
  <testcase classname="com.hybridframework.practice.scenarios.LoginTest_TC1" name="verifyValidLoginDDT" time="1.446"/>
  <testcase classname="com.hybridframework.practice.scenarios.LoginTest_TC1" name="verifyValidLoginDDT" time="1.418"/>
  <testcase classname="com.hybridframework.practice.scenarios.LoginTest_TC1" name="verifyValidLoginDDT" time="1.439"/>
  <testcase classname="com.hybridframework.practice.scenarios.LoginTest_TC1" name="verifyValidLoginDDT" time="1.509"/>
  <testcase classname="com.hybridframework.practice.scenarios.LoginTest_TC1" name="verifyValidLoginDDT" time="1.764"/>
</testsuite> <!-- chrometest -->
