<?xml version="1.0" encoding="UTF-8"?>
<!-- Generated by org.testng.reporters.JUnitXMLReporter -->
<testsuite ignored="0" hostname="LAPTOP-3LETJHVP" failures="1" tests="24" name="firefoxtest" time="64.016" errors="0" timestamp="2026-08-15T11:32:09 IST">
  <testcase classname="com.hybridframework.practice.scenarios.RegisterTest_TC2" name="verifyRegisterwithALLField" time="0.001">
    <skipped/>
  </testcase> <!-- verifyRegisterwithALLField -->
  <testcase classname="com.hybridframework.practice.scenarios.SearchTest_TC3" name="verifySearchWithValidProduct" time="1.122">
    <failure type="org.openqa.selenium.StaleElementReferenceException" message="stale element reference: stale element not found
  (Session info: chrome=151.0.7922.138)
For documentation on this error, please visit: https://www.selenium.dev/documentation/webdriver/troubleshooting/errors#stale-element-reference-exception
Build info: version: &amp;apos;4.32.0&amp;apos;, revision: &amp;apos;d17c8aa950&amp;apos;
System info: os.name: &amp;apos;Windows 11&amp;apos;, os.arch: &amp;apos;amd64&amp;apos;, os.version: &amp;apos;10.0&amp;apos;, java.version: &amp;apos;25.0.3&amp;apos;
Driver info: org.openqa.selenium.remote.RemoteWebDriver
Command: [a08d475de09cc139ed8749611974b32d, clickElement {id=f.9BFE2A61AA2508A48BFC51E29D44432E.d.3BCBD326D662E774EFC638B6B71E3FF5.e.18}]
Capabilities {acceptInsecureCerts: false, browserName: chrome, browserVersion: 151.0.7922.138, chrome: {chromedriverVersion: 151.0.7922.138 (41fa8244239..., userDataDir: C:\Users\saeer\AppData\Loca...}, fedcm:accounts: true, goog:chromeOptions: {debuggerAddress: localhost:62410}, goog:processID: 5992, networkConnectionEnabled: false, pageLoadStrategy: normal, platformName: Windows 11, proxy: Proxy(), se:bidiEnabled: false, se:cdp: ws://192.168.0.4:4444/sessi..., se:cdpVersion: 151.0.7922.138, setWindowRect: true, strictFileInteractability: false, timeouts: {implicit: 0, pageLoad: 300000, script: 30000}, unhandledPromptBehavior: dismiss and notify, webauthn:extension:credBlob: true, webauthn:extension:largeBlob: true, webauthn:extension:minPinLength: true, webauthn:extension:prf: true, webauthn:virtualAuthenticators: true}
Element: [[RemoteWebDriver: chrome on Windows 11 (a08d475de09cc139ed8749611974b32d)] -&amp;gt; xpath: //input[contains(@class,&amp;apos;button-1 search-box-button&amp;apos;)]]
Session ID: a08d475de09cc139ed8749611974b32d">
      <![CDATA[org.openqa.selenium.StaleElementReferenceException: stale element reference: stale element not found
  (Session info: chrome=151.0.7922.138)
For documentation on this error, please visit: https://www.selenium.dev/documentation/webdriver/troubleshooting/errors#stale-element-reference-exception
Build info: version: '4.32.0', revision: 'd17c8aa950'
System info: os.name: 'Windows 11', os.arch: 'amd64', os.version: '10.0', java.version: '25.0.3'
Driver info: org.openqa.selenium.remote.RemoteWebDriver
Command: [a08d475de09cc139ed8749611974b32d, clickElement {id=f.9BFE2A61AA2508A48BFC51E29D44432E.d.3BCBD326D662E774EFC638B6B71E3FF5.e.18}]
Capabilities {acceptInsecureCerts: false, browserName: chrome, browserVersion: 151.0.7922.138, chrome: {chromedriverVersion: 151.0.7922.138 (41fa8244239..., userDataDir: C:\Users\saeer\AppData\Loca...}, fedcm:accounts: true, goog:chromeOptions: {debuggerAddress: localhost:62410}, goog:processID: 5992, networkConnectionEnabled: false, pageLoadStrategy: normal, platformName: Windows 11, proxy: Proxy(), se:bidiEnabled: false, se:cdp: ws://192.168.0.4:4444/sessi..., se:cdpVersion: 151.0.7922.138, setWindowRect: true, strictFileInteractability: false, timeouts: {implicit: 0, pageLoad: 300000, script: 30000}, unhandledPromptBehavior: dismiss and notify, webauthn:extension:credBlob: true, webauthn:extension:largeBlob: true, webauthn:extension:minPinLength: true, webauthn:extension:prf: true, webauthn:virtualAuthenticators: true}
Element: [[RemoteWebDriver: chrome on Windows 11 (a08d475de09cc139ed8749611974b32d)] -> xpath: //input[contains(@class,'button-1 search-box-button')]]
Session ID: a08d475de09cc139ed8749611974b32d
at org.openqa.selenium.remote.ErrorCodec.decode(ErrorCodec.java:167)
at org.openqa.selenium.remote.codec.w3c.W3CHttpResponseCodec.decode(W3CHttpResponseCodec.java:138)
at org.openqa.selenium.remote.codec.w3c.W3CHttpResponseCodec.decode(W3CHttpResponseCodec.java:50)
at org.openqa.selenium.remote.HttpCommandExecutor.execute(HttpCommandExecutor.java:215)
at org.openqa.selenium.remote.TracedCommandExecutor.execute(TracedCommandExecutor.java:53)
at org.openqa.selenium.remote.RemoteWebDriver.execute(RemoteWebDriver.java:545)
at org.openqa.selenium.remote.RemoteWebElement.execute(RemoteWebElement.java:223)
at org.openqa.selenium.remote.RemoteWebElement.click(RemoteWebElement.java:76)
at org.openqa.selenium.support.pagefactory.internal.LocatingElementHandler.invoke(LocatingElementHandler.java:51)
at jdk.proxy2/jdk.proxy2.$Proxy33.click(Unknown Source)
at com.demowebshop.pages.SearchPage_TC3.SearchingProduct(SearchPage_TC3.java:41)
at com.hybridframework.practice.scenarios.SearchTest_TC3.verifySearchWithValidProduct(SearchTest_TC3.java:17)
at java.base/java.util.ArrayList.forEach(ArrayList.java:1604)
at java.base/java.util.concurrent.FutureTask.run(FutureTask.java:328)
at java.base/java.util.concurrent.ThreadPoolExecutor.runWorker(ThreadPoolExecutor.java:1090)
at java.base/java.util.concurrent.ThreadPoolExecutor$Worker.run(ThreadPoolExecutor.java:614)
at java.base/java.lang.Thread.run(Thread.java:1474)
... Removed 20 stack frames]]>
    </failure>
  </testcase> <!-- verifySearchWithValidProduct -->
  <testcase classname="com.hybridframework.practice.scenarios.LoginTest_TC1" name="verifyValidLogin" time="0.0">
    <skipped/>
  </testcase> <!-- verifyValidLogin -->
  <testcase classname="com.hybridframework.practice.scenarios.LoginTest_TC1" name="verifyInvalidUsernameandPasswordLogin" time="0.0">
    <skipped/>
  </testcase> <!-- verifyInvalidUsernameandPasswordLogin -->
  <testcase classname="com.hybridframework.practice.scenarios.RegisterTest_TC2" name="verifyRegisterwithMandatoryField" time="0.001">
    <skipped/>
  </testcase> <!-- verifyRegisterwithMandatoryField -->
  <testcase classname="com.hybridframework.practice.scenarios.SearchTest_TC3" name="verifySearchWithInvalidProduct" time="0.001">
    <skipped/>
  </testcase> <!-- verifySearchWithInvalidProduct -->
  <testcase classname="com.hybridframework.practice.scenarios.SearchTest_TC3" name="verifyEmptySearch" time="0.0">
    <skipped/>
  </testcase> <!-- verifyEmptySearch -->
  <testcase classname="com.hybridframework.practice.scenarios.RegisterTest_TC2" name="verifyRegisterwithExistingEmail" time="0.0">
    <skipped/>
  </testcase> <!-- verifyRegisterwithExistingEmail -->
  <testcase classname="com.hybridframework.practice.scenarios.LoginTest_TC1" name="verifyValidUsernameInvalidPasswordLogin" time="0.002">
    <skipped/>
  </testcase> <!-- verifyValidUsernameInvalidPasswordLogin -->
  <testcase classname="com.hybridframework.practice.scenarios.LoginTest_TC1" name="verifyInvalidUsernameValidPasswordLogin" time="0.0">
    <skipped/>
  </testcase> <!-- verifyInvalidUsernameValidPasswordLogin -->
  <testcase classname="com.hybridframework.practice.scenarios.RegisterTest_TC2" name="verifyRegisterwithoutProvidingCredentials" time="0.0">
    <skipped/>
  </testcase> <!-- verifyRegisterwithoutProvidingCredentials -->
  <testcase classname="com.hybridframework.practice.scenarios.SearchTest_TC3" name="verifyingSearchWithDDT" time="0.0">
    <skipped/>
  </testcase> <!-- verifyingSearchWithDDT -->
  <testcase classname="com.hybridframework.practice.scenarios.SearchTest_TC3" name="verifyingSearchWithDDT" time="0.0">
    <skipped/>
  </testcase> <!-- verifyingSearchWithDDT -->
  <testcase classname="com.hybridframework.practice.scenarios.SearchTest_TC3" name="verifyingSearchWithDDT" time="0.0">
    <skipped/>
  </testcase> <!-- verifyingSearchWithDDT -->
  <testcase classname="com.hybridframework.practice.scenarios.SearchTest_TC3" name="verifyingSearchWithDDT" time="0.0">
    <skipped/>
  </testcase> <!-- verifyingSearchWithDDT -->
  <testcase classname="com.hybridframework.practice.scenarios.SearchTest_TC3" name="verifyingSearchWithDDT" time="0.006">
    <skipped/>
  </testcase> <!-- verifyingSearchWithDDT -->
  <testcase classname="com.hybridframework.practice.scenarios.SearchTest_TC3" name="verifyingSearchWithDDT" time="0.0">
    <skipped/>
  </testcase> <!-- verifyingSearchWithDDT -->
  <testcase classname="com.hybridframework.practice.scenarios.LoginTest_TC1" name="verifyLoginWithoutCredentials" time="0.0">
    <skipped/>
  </testcase> <!-- verifyLoginWithoutCredentials -->
  <testcase classname="com.hybridframework.practice.scenarios.LoginTest_TC1" name="verifyValidLoginDDT" time="0.0">
    <skipped/>
  </testcase> <!-- verifyValidLoginDDT -->
  <testcase classname="com.hybridframework.practice.scenarios.LoginTest_TC1" name="verifyValidLoginDDT" time="0.001">
    <skipped/>
  </testcase> <!-- verifyValidLoginDDT -->
  <testcase classname="com.hybridframework.practice.scenarios.LoginTest_TC1" name="verifyValidLoginDDT" time="0.001">
    <skipped/>
  </testcase> <!-- verifyValidLoginDDT -->
  <testcase classname="com.hybridframework.practice.scenarios.LoginTest_TC1" name="verifyValidLoginDDT" time="0.0">
    <skipped/>
  </testcase> <!-- verifyValidLoginDDT -->
  <testcase classname="com.hybridframework.practice.scenarios.LoginTest_TC1" name="verifyValidLoginDDT" time="0.0">
    <skipped/>
  </testcase> <!-- verifyValidLoginDDT -->
  <testcase classname="com.hybridframework.practice.scenarios.LoginTest_TC1" name="verifyValidLoginDDT" time="0.0">
    <skipped/>
  </testcase> <!-- verifyValidLoginDDT -->
</testsuite> <!-- firefoxtest -->
