<?xml version="1.0" encoding="UTF-8"?>
<!-- Generated by org.testng.reporters.JUnitXMLReporter -->
<testsuite ignored="0" hostname="LAPTOP-3LETJHVP" failures="0" tests="9" name="MasterTests" time="1.137" errors="0" timestamp="2026-08-15T13:05:20 IST">
  <testcase classname="com.demowebshop.base.BaseClass" name="@BeforeMethod browserSetUp" time="0.603">
    <failure type="org.openqa.selenium.SessionNotCreatedException" message="Could not start a new session. Possible causes are invalid address of the remote server or browser start-up failure. 
Host info: host: &amp;apos;LAPTOP-3LETJHVP&amp;apos;, ip: &amp;apos;192.168.0.4&amp;apos;
Build info: version: &amp;apos;4.32.0&amp;apos;, revision: &amp;apos;d17c8aa950&amp;apos;
System info: os.name: &amp;apos;Windows 11&amp;apos;, os.arch: &amp;apos;amd64&amp;apos;, os.version: &amp;apos;10.0&amp;apos;, java.version: &amp;apos;25.0.3&amp;apos;
Driver info: org.openqa.selenium.remote.RemoteWebDriver
Command: [null, newSession {capabilities=[Capabilities {browserName: chrome, platformName: Windows 11}]}]
Capabilities {browserName: chrome, platformName: Windows 11}">
      <![CDATA[org.openqa.selenium.SessionNotCreatedException: Could not start a new session. Possible causes are invalid address of the remote server or browser start-up failure. 
Host info: host: 'LAPTOP-3LETJHVP', ip: '192.168.0.4'
Build info: version: '4.32.0', revision: 'd17c8aa950'
System info: os.name: 'Windows 11', os.arch: 'amd64', os.version: '10.0', java.version: '25.0.3'
Driver info: org.openqa.selenium.remote.RemoteWebDriver
Command: [null, newSession {capabilities=[Capabilities {browserName: chrome, platformName: Windows 11}]}]
Capabilities {browserName: chrome, platformName: Windows 11}
at org.openqa.selenium.remote.RemoteWebDriver.execute(RemoteWebDriver.java:563)
at org.openqa.selenium.remote.RemoteWebDriver.startSession(RemoteWebDriver.java:245)
at org.openqa.selenium.remote.RemoteWebDriver.<init>(RemoteWebDriver.java:174)
at org.openqa.selenium.remote.RemoteWebDriver.<init>(RemoteWebDriver.java:152)
at com.demowebshop.base.BaseClass.browserSetUp(BaseClass.java:96)
at java.base/java.util.ArrayList.forEach(ArrayList.java:1604)
Caused by: java.io.UncheckedIOException: java.net.ConnectException
at org.openqa.selenium.remote.http.jdk.JdkHttpClient.execute0(JdkHttpClient.java:500)
at org.openqa.selenium.remote.http.AddSeleniumUserAgent.lambda$apply$0(AddSeleniumUserAgent.java:42)
at org.openqa.selenium.remote.http.Filter.lambda$andFinally$1(Filter.java:55)
at org.openqa.selenium.remote.http.jdk.JdkHttpClient.lambda$executeAsync$2(JdkHttpClient.java:387)
at java.base/java.util.concurrent.Executors$RunnableAdapter.call(Executors.java:545)
at java.base/java.util.concurrent.FutureTask.run(FutureTask.java:328)
at java.base/java.util.concurrent.ThreadPoolExecutor.runWorker(ThreadPoolExecutor.java:1090)
at java.base/java.util.concurrent.ThreadPoolExecutor$Worker.run(ThreadPoolExecutor.java:614)
at java.base/java.lang.Thread.run(Thread.java:1474)
Caused by: java.net.ConnectException
at java.net.http/jdk.internal.net.http.HttpClientImpl.send(HttpClientImpl.java:923)
at java.net.http/jdk.internal.net.http.HttpClientFacade.send(HttpClientFacade.java:133)
at org.openqa.selenium.remote.http.jdk.JdkHttpClient.execute0(JdkHttpClient.java:459)
... 8 more
Caused by: java.net.ConnectException
at java.net.http/jdk.internal.net.http.common.Utils.toConnectException(Utils.java:1070)
at java.net.http/jdk.internal.net.http.PlainHttpConnection.connectAsync(PlainHttpConnection.java:223)
at java.net.http/jdk.internal.net.http.PlainHttpConnection.checkRetryConnect(PlainHttpConnection.java:277)
at java.net.http/jdk.internal.net.http.PlainHttpConnection.lambda$connectAsync$0(PlainHttpConnection.java:235)
at java.base/java.util.concurrent.CompletableFuture.uniHandle(CompletableFuture.java:955)
at java.base/java.util.concurrent.CompletableFuture$UniHandle.tryFire(CompletableFuture.java:932)
at java.base/java.util.concurrent.CompletableFuture.postComplete(CompletableFuture.java:531)
at java.base/java.util.concurrent.CompletableFuture$AsyncSupply.run(CompletableFuture.java:1794)
... 3 more
Caused by: java.nio.channels.ClosedChannelException
at java.base/sun.nio.ch.SocketChannelImpl.ensureOpen(SocketChannelImpl.java:204)
at java.base/sun.nio.ch.SocketChannelImpl.connect(SocketChannelImpl.java:942)
at java.net.http/jdk.internal.net.http.PlainHttpConnection.connectAsync(PlainHttpConnection.java:211)
... 9 more
... Removed 29 stack frames]]>
    </failure>
  </testcase> <!-- @BeforeMethod browserSetUp -->
  <testcase classname="com.demowebshop.base.BaseClass" name="@AfterMethod browserTearDown" time="0.0">
    <skipped/>
  </testcase> <!-- @AfterMethod browserTearDown -->
  <testcase classname="com.demowebshop.base.BaseClass" name="@BeforeMethod browserSetUp" time="0.0">
    <skipped/>
  </testcase> <!-- @BeforeMethod browserSetUp -->
  <testcase classname="com.demowebshop.base.BaseClass" name="@AfterMethod browserTearDown" time="0.0">
    <skipped/>
  </testcase> <!-- @AfterMethod browserTearDown -->
  <testcase classname="com.demowebshop.base.BaseClass" name="@BeforeMethod browserSetUp" time="0.0">
    <skipped/>
  </testcase> <!-- @BeforeMethod browserSetUp -->
  <testcase classname="com.demowebshop.base.BaseClass" name="@AfterMethod browserTearDown" time="0.0">
    <skipped/>
  </testcase> <!-- @AfterMethod browserTearDown -->
  <testcase classname="com.demowebshop.base.BaseClass" name="@BeforeMethod browserSetUp" time="0.0">
    <skipped/>
  </testcase> <!-- @BeforeMethod browserSetUp -->
  <testcase classname="com.demowebshop.base.BaseClass" name="@AfterMethod browserTearDown" time="0.0">
    <skipped/>
  </testcase> <!-- @AfterMethod browserTearDown -->
  <testcase classname="com.demowebshop.base.BaseClass" name="@BeforeMethod browserSetUp" time="0.0">
    <skipped/>
  </testcase> <!-- @BeforeMethod browserSetUp -->
  <testcase classname="com.demowebshop.base.BaseClass" name="@AfterMethod browserTearDown" time="0.0">
    <skipped/>
  </testcase> <!-- @AfterMethod browserTearDown -->
  <testcase classname="com.demowebshop.base.BaseClass" name="@BeforeMethod browserSetUp" time="0.0">
    <skipped/>
  </testcase> <!-- @BeforeMethod browserSetUp -->
  <testcase classname="com.demowebshop.base.BaseClass" name="@AfterMethod browserTearDown" time="0.0">
    <skipped/>
  </testcase> <!-- @AfterMethod browserTearDown -->
  <testcase classname="com.demowebshop.base.BaseClass" name="@BeforeMethod browserSetUp" time="0.0">
    <skipped/>
  </testcase> <!-- @BeforeMethod browserSetUp -->
  <testcase classname="com.demowebshop.base.BaseClass" name="@AfterMethod browserTearDown" time="0.0">
    <skipped/>
  </testcase> <!-- @AfterMethod browserTearDown -->
  <testcase classname="com.demowebshop.base.BaseClass" name="@BeforeMethod browserSetUp" time="0.0">
    <skipped/>
  </testcase> <!-- @BeforeMethod browserSetUp -->
  <testcase classname="com.demowebshop.base.BaseClass" name="@AfterMethod browserTearDown" time="0.0">
    <skipped/>
  </testcase> <!-- @AfterMethod browserTearDown -->
  <testcase classname="com.demowebshop.base.BaseClass" name="@BeforeMethod browserSetUp" time="0.0">
    <skipped/>
  </testcase> <!-- @BeforeMethod browserSetUp -->
  <testcase classname="com.demowebshop.base.BaseClass" name="@AfterMethod browserTearDown" time="0.0">
    <skipped/>
  </testcase> <!-- @AfterMethod browserTearDown -->
  <testcase classname="com.hybridframework.practice.scenarios.SearchTest_TC3" name="verifySearchWithValidProduct" time="0.0">
    <skipped/>
  </testcase> <!-- verifySearchWithValidProduct -->
  <testcase classname="com.hybridframework.practice.scenarios.SearchTest_TC3" name="verifySearchWithInvalidProduct" time="0.001">
    <skipped/>
  </testcase> <!-- verifySearchWithInvalidProduct -->
  <testcase classname="com.hybridframework.practice.scenarios.SearchTest_TC3" name="verifyEmptySearch" time="0.0">
    <skipped/>
  </testcase> <!-- verifyEmptySearch -->
  <testcase classname="com.hybridframework.practice.scenarios.SearchTest_TC3" name="verifyingSearchWithDDT" time="0.0">
    <skipped/>
  </testcase> <!-- verifyingSearchWithDDT -->
  <testcase classname="com.hybridframework.practice.scenarios.SearchTest_TC3" name="verifyingSearchWithDDT" time="0.0">
    <skipped/>
  </testcase> <!-- verifyingSearchWithDDT -->
  <testcase classname="com.hybridframework.practice.scenarios.SearchTest_TC3" name="verifyingSearchWithDDT" time="0.0">
    <skipped/>
  </testcase> <!-- verifyingSearchWithDDT -->
  <testcase classname="com.hybridframework.practice.scenarios.SearchTest_TC3" name="verifyingSearchWithDDT" time="0.0">
    <skipped/>
  </testcase> <!-- verifyingSearchWithDDT -->
  <testcase classname="com.hybridframework.practice.scenarios.SearchTest_TC3" name="verifyingSearchWithDDT" time="0.0">
    <skipped/>
  </testcase> <!-- verifyingSearchWithDDT -->
  <testcase classname="com.hybridframework.practice.scenarios.SearchTest_TC3" name="verifyingSearchWithDDT" time="0.0">
    <skipped/>
  </testcase> <!-- verifyingSearchWithDDT -->
</testsuite> <!-- MasterTests -->
