<?xml version="1.0" encoding="UTF-8"?>
<!-- Generated by org.testng.reporters.JUnitXMLReporter -->
<testsuite ignored="0" hostname="LAPTOP-3LETJHVP" failures="0" tests="22" name="Test" time="162.976" errors="0" timestamp="2026-07-30T10:35:22 IST">
  <testcase classname="com.hybridframework.practice.scenarios.LoginTest_TC1" name="verifyValidLogin" time="2.661"/>
  <testcase classname="com.hybridframework.practice.scenarios.LoginTest_TC1" name="verifyInvalidUsernameandPasswordLogin" time="1.69"/>
  <testcase classname="com.hybridframework.practice.scenarios.LoginTest_TC1" name="verifyValidUsernameInvalidPasswordLogin" time="1.816"/>
  <testcase classname="com.hybridframework.practice.scenarios.LoginTest_TC1" name="verifyInvalidUsernameValidPasswordLogin" time="1.819"/>
  <testcase classname="com.hybridframework.practice.scenarios.LoginTest_TC1" name="verifyLoginWithoutCredentials" time="1.537"/>
  <testcase classname="com.hybridframework.practice.scenarios.LoginTest_TC1" name="verifyValidLoginDDT" time="2.218"/>
  <testcase classname="com.hybridframework.practice.scenarios.LoginTest_TC1" name="verifyValidLoginDDT" time="1.514"/>
  <testcase classname="com.hybridframework.practice.scenarios.LoginTest_TC1" name="verifyValidLoginDDT" time="1.492"/>
  <testcase classname="com.hybridframework.practice.scenarios.LoginTest_TC1" name="verifyValidLoginDDT" time="1.56"/>
  <testcase classname="com.hybridframework.practice.scenarios.RegisterTest_TC2" name="verifyRegisterwithALLField" time="3.613"/>
  <testcase classname="com.hybridframework.practice.scenarios.RegisterTest_TC2" name="verifyRegisterwithMandatoryField" time="3.638"/>
  <testcase classname="com.hybridframework.practice.scenarios.RegisterTest_TC2" name="verifyRegisterwithExistingEmail" time="3.423"/>
  <testcase classname="com.hybridframework.practice.scenarios.RegisterTest_TC2" name="verifyRegisterwithoutProvidingCredentials" time="1.402"/>
  <testcase classname="com.hybridframework.practice.scenarios.SearchTest_TC3" name="verifySearchWithValidProduct" time="1.182"/>
  <testcase classname="com.hybridframework.practice.scenarios.SearchTest_TC3" name="verifySearchWithInvalidProduct" time="1.122"/>
  <testcase classname="com.hybridframework.practice.scenarios.SearchTest_TC3" name="verifyEmptySearch" time="0.334"/>
  <testcase classname="com.hybridframework.practice.scenarios.SearchTest_TC3" name="verifyingSearchWithDDT" time="5.314"/>
  <testcase classname="com.hybridframework.practice.scenarios.SearchTest_TC3" name="verifyingSearchWithDDT" time="5.447"/>
  <testcase classname="com.hybridframework.practice.scenarios.SearchTest_TC3" name="verifyingSearchWithDDT" time="5.621"/>
  <testcase classname="com.hybridframework.practice.scenarios.SearchTest_TC3" name="verifyingSearchWithDDT" time="5.331"/>
  <testcase classname="com.hybridframework.practice.scenarios.SearchTest_TC3" name="verifyingSearchWithDDT" time="5.307"/>
  <testcase classname="com.hybridframework.practice.scenarios.SearchTest_TC3" name="verifyingSearchWithDDT" time="4.409"/>
</testsuite> <!-- Test -->
