<?xml version="1.0" encoding="UTF-8"?>
<testng-results ignored="0" total="9" passed="9" failed="0" skipped="0">
  <reporter-output>
  </reporter-output>
  <suite started-at="2026-08-12T11:45:59 IST" name="MasterTestNGSuite" finished-at="2026-08-12T11:47:09 IST" duration-ms="69996">
    <groups>
    </groups>
    <test started-at="2026-08-12T11:45:59 IST" name="MasterTests" finished-at="2026-08-12T11:47:09 IST" duration-ms="69996">
      <class name="com.hybridframework.practice.scenarios.SearchTest_TC3">
        <test-method is-config="true" signature="browserSetUp(java.lang.String,java.lang.String)[pri:0, instance:com.hybridframework.practice.scenarios.SearchTest_TC3@76908cc0]" started-at="2026-08-12T11:46:00 IST" name="browserSetUp" finished-at="2026-08-12T11:46:06 IST" duration-ms="5413" status="PASS">
          <params>
            <param index="0">
              <value>
                <![CDATA[chrome]]>
              </value>
            </param>
            <param index="1">
              <value>
                <![CDATA[Windows]]>
              </value>
            </param>
          </params>
          <reporter-output>
          </reporter-output>
        </test-method> <!-- browserSetUp -->
        <test-method signature="verifySearchWithValidProduct()[pri:1, instance:com.hybridframework.practice.scenarios.SearchTest_TC3@76908cc0]" started-at="2026-08-12T11:46:06 IST" name="verifySearchWithValidProduct" finished-at="2026-08-12T11:46:07 IST" duration-ms="1200" status="PASS">
          <reporter-output>
          </reporter-output>
        </test-method> <!-- verifySearchWithValidProduct -->
        <test-method is-config="true" signature="browserTearDown()[pri:0, instance:com.hybridframework.practice.scenarios.SearchTest_TC3@76908cc0]" started-at="2026-08-12T11:46:07 IST" name="browserTearDown" finished-at="2026-08-12T11:46:07 IST" duration-ms="341" status="PASS">
          <reporter-output>
          </reporter-output>
        </test-method> <!-- browserTearDown -->
        <test-method is-config="true" signature="browserSetUp(java.lang.String,java.lang.String)[pri:0, instance:com.hybridframework.practice.scenarios.SearchTest_TC3@76908cc0]" started-at="2026-08-12T11:46:07 IST" name="browserSetUp" finished-at="2026-08-12T11:46:11 IST" duration-ms="3915" status="PASS">
          <params>
            <param index="0">
              <value>
                <![CDATA[chrome]]>
              </value>
            </param>
            <param index="1">
              <value>
                <![CDATA[Windows]]>
              </value>
            </param>
          </params>
          <reporter-output>
          </reporter-output>
        </test-method> <!-- browserSetUp -->
        <test-method signature="verifySearchWithInvalidProduct()[pri:2, instance:com.hybridframework.practice.scenarios.SearchTest_TC3@76908cc0]" started-at="2026-08-12T11:46:11 IST" name="verifySearchWithInvalidProduct" finished-at="2026-08-12T11:46:12 IST" duration-ms="1022" status="PASS">
          <reporter-output>
          </reporter-output>
        </test-method> <!-- verifySearchWithInvalidProduct -->
        <test-method is-config="true" signature="browserTearDown()[pri:0, instance:com.hybridframework.practice.scenarios.SearchTest_TC3@76908cc0]" started-at="2026-08-12T11:46:12 IST" name="browserTearDown" finished-at="2026-08-12T11:46:12 IST" duration-ms="249" status="PASS">
          <reporter-output>
          </reporter-output>
        </test-method> <!-- browserTearDown -->
        <test-method is-config="true" signature="browserSetUp(java.lang.String,java.lang.String)[pri:0, instance:com.hybridframework.practice.scenarios.SearchTest_TC3@76908cc0]" started-at="2026-08-12T11:46:12 IST" name="browserSetUp" finished-at="2026-08-12T11:46:16 IST" duration-ms="3770" status="PASS">
          <params>
            <param index="0">
              <value>
                <![CDATA[chrome]]>
              </value>
            </param>
            <param index="1">
              <value>
                <![CDATA[Windows]]>
              </value>
            </param>
          </params>
          <reporter-output>
          </reporter-output>
        </test-method> <!-- browserSetUp -->
        <test-method signature="verifyEmptySearch()[pri:3, instance:com.hybridframework.practice.scenarios.SearchTest_TC3@76908cc0]" started-at="2026-08-12T11:46:16 IST" name="verifyEmptySearch" finished-at="2026-08-12T11:46:16 IST" duration-ms="238" status="PASS">
          <reporter-output>
          </reporter-output>
        </test-method> <!-- verifyEmptySearch -->
        <test-method is-config="true" signature="browserTearDown()[pri:0, instance:com.hybridframework.practice.scenarios.SearchTest_TC3@76908cc0]" started-at="2026-08-12T11:46:16 IST" name="browserTearDown" finished-at="2026-08-12T11:46:17 IST" duration-ms="261" status="PASS">
          <reporter-output>
          </reporter-output>
        </test-method> <!-- browserTearDown -->
        <test-method is-config="true" signature="browserSetUp(java.lang.String,java.lang.String)[pri:0, instance:com.hybridframework.practice.scenarios.SearchTest_TC3@76908cc0]" started-at="2026-08-12T11:46:17 IST" name="browserSetUp" finished-at="2026-08-12T11:46:20 IST" duration-ms="3645" status="PASS">
          <params>
            <param index="0">
              <value>
                <![CDATA[chrome]]>
              </value>
            </param>
            <param index="1">
              <value>
                <![CDATA[Windows]]>
              </value>
            </param>
          </params>
          <reporter-output>
          </reporter-output>
        </test-method> <!-- browserSetUp -->
        <test-method signature="verifyingSearchWithDDT(java.lang.String,boolean)[pri:4, instance:com.hybridframework.practice.scenarios.SearchTest_TC3@76908cc0]" started-at="2026-08-12T11:46:20 IST" name="verifyingSearchWithDDT" data-provider="ProductNameData" finished-at="2026-08-12T11:46:25 IST" duration-ms="4323" status="PASS">
          <params>
            <param index="0">
              <value>
                <![CDATA[Desktop PC with CDRW]]>
              </value>
            </param>
            <param index="1">
              <value>
                <![CDATA[true]]>
              </value>
            </param>
          </params>
          <reporter-output>
          </reporter-output>
        </test-method> <!-- verifyingSearchWithDDT -->
        <test-method is-config="true" signature="browserTearDown()[pri:0, instance:com.hybridframework.practice.scenarios.SearchTest_TC3@76908cc0]" started-at="2026-08-12T11:46:25 IST" name="browserTearDown" finished-at="2026-08-12T11:46:25 IST" duration-ms="254" status="PASS">
          <reporter-output>
          </reporter-output>
        </test-method> <!-- browserTearDown -->
        <test-method is-config="true" signature="browserSetUp(java.lang.String,java.lang.String)[pri:0, instance:com.hybridframework.practice.scenarios.SearchTest_TC3@76908cc0]" started-at="2026-08-12T11:46:25 IST" name="browserSetUp" finished-at="2026-08-12T11:46:29 IST" duration-ms="4194" status="PASS">
          <params>
            <param index="0">
              <value>
                <![CDATA[chrome]]>
              </value>
            </param>
            <param index="1">
              <value>
                <![CDATA[Windows]]>
              </value>
            </param>
          </params>
          <reporter-output>
          </reporter-output>
        </test-method> <!-- browserSetUp -->
        <test-method signature="verifyingSearchWithDDT(java.lang.String,boolean)[pri:4, instance:com.hybridframework.practice.scenarios.SearchTest_TC3@76908cc0]" started-at="2026-08-12T11:46:29 IST" name="verifyingSearchWithDDT" data-provider="ProductNameData" finished-at="2026-08-12T11:46:33 IST" duration-ms="4283" status="PASS">
          <params>
            <param index="0">
              <value>
                <![CDATA[Computing and Internet]]>
              </value>
            </param>
            <param index="1">
              <value>
                <![CDATA[true]]>
              </value>
            </param>
          </params>
          <reporter-output>
          </reporter-output>
        </test-method> <!-- verifyingSearchWithDDT -->
        <test-method is-config="true" signature="browserTearDown()[pri:0, instance:com.hybridframework.practice.scenarios.SearchTest_TC3@76908cc0]" started-at="2026-08-12T11:46:33 IST" name="browserTearDown" finished-at="2026-08-12T11:46:34 IST" duration-ms="256" status="PASS">
          <reporter-output>
          </reporter-output>
        </test-method> <!-- browserTearDown -->
        <test-method is-config="true" signature="browserSetUp(java.lang.String,java.lang.String)[pri:0, instance:com.hybridframework.practice.scenarios.SearchTest_TC3@76908cc0]" started-at="2026-08-12T11:46:34 IST" name="browserSetUp" finished-at="2026-08-12T11:46:38 IST" duration-ms="4593" status="PASS">
          <params>
            <param index="0">
              <value>
                <![CDATA[chrome]]>
              </value>
            </param>
            <param index="1">
              <value>
                <![CDATA[Windows]]>
              </value>
            </param>
          </params>
          <reporter-output>
          </reporter-output>
        </test-method> <!-- browserSetUp -->
        <test-method signature="verifyingSearchWithDDT(java.lang.String,boolean)[pri:4, instance:com.hybridframework.practice.scenarios.SearchTest_TC3@76908cc0]" started-at="2026-08-12T11:46:38 IST" name="verifyingSearchWithDDT" data-provider="ProductNameData" finished-at="2026-08-12T11:46:42 IST" duration-ms="4301" status="PASS">
          <params>
            <param index="0">
              <value>
                <![CDATA[Digital SLR Camera 12.2 Mpixel]]>
              </value>
            </param>
            <param index="1">
              <value>
                <![CDATA[true]]>
              </value>
            </param>
          </params>
          <reporter-output>
          </reporter-output>
        </test-method> <!-- verifyingSearchWithDDT -->
        <test-method is-config="true" signature="browserTearDown()[pri:0, instance:com.hybridframework.practice.scenarios.SearchTest_TC3@76908cc0]" started-at="2026-08-12T11:46:42 IST" name="browserTearDown" finished-at="2026-08-12T11:46:43 IST" duration-ms="254" status="PASS">
          <reporter-output>
          </reporter-output>
        </test-method> <!-- browserTearDown -->
        <test-method is-config="true" signature="browserSetUp(java.lang.String,java.lang.String)[pri:0, instance:com.hybridframework.practice.scenarios.SearchTest_TC3@76908cc0]" started-at="2026-08-12T11:46:43 IST" name="browserSetUp" finished-at="2026-08-12T11:46:46 IST" duration-ms="3723" status="PASS">
          <params>
            <param index="0">
              <value>
                <![CDATA[chrome]]>
              </value>
            </param>
            <param index="1">
              <value>
                <![CDATA[Windows]]>
              </value>
            </param>
          </params>
          <reporter-output>
          </reporter-output>
        </test-method> <!-- browserSetUp -->
        <test-method signature="verifyingSearchWithDDT(java.lang.String,boolean)[pri:4, instance:com.hybridframework.practice.scenarios.SearchTest_TC3@76908cc0]" started-at="2026-08-12T11:46:46 IST" name="verifyingSearchWithDDT" data-provider="ProductNameData" finished-at="2026-08-12T11:46:52 IST" duration-ms="5166" status="PASS">
          <params>
            <param index="0">
              <value>
                <![CDATA[Smartphone]]>
              </value>
            </param>
            <param index="1">
              <value>
                <![CDATA[true]]>
              </value>
            </param>
          </params>
          <reporter-output>
          </reporter-output>
        </test-method> <!-- verifyingSearchWithDDT -->
        <test-method is-config="true" signature="browserTearDown()[pri:0, instance:com.hybridframework.practice.scenarios.SearchTest_TC3@76908cc0]" started-at="2026-08-12T11:46:52 IST" name="browserTearDown" finished-at="2026-08-12T11:46:52 IST" duration-ms="289" status="PASS">
          <reporter-output>
          </reporter-output>
        </test-method> <!-- browserTearDown -->
        <test-method is-config="true" signature="browserSetUp(java.lang.String,java.lang.String)[pri:0, instance:com.hybridframework.practice.scenarios.SearchTest_TC3@76908cc0]" started-at="2026-08-12T11:46:52 IST" name="browserSetUp" finished-at="2026-08-12T11:46:56 IST" duration-ms="3768" status="PASS">
          <params>
            <param index="0">
              <value>
                <![CDATA[chrome]]>
              </value>
            </param>
            <param index="1">
              <value>
                <![CDATA[Windows]]>
              </value>
            </param>
          </params>
          <reporter-output>
          </reporter-output>
        </test-method> <!-- browserSetUp -->
        <test-method signature="verifyingSearchWithDDT(java.lang.String,boolean)[pri:4, instance:com.hybridframework.practice.scenarios.SearchTest_TC3@76908cc0]" started-at="2026-08-12T11:46:56 IST" name="verifyingSearchWithDDT" data-provider="ProductNameData" finished-at="2026-08-12T11:47:00 IST" duration-ms="4294" status="PASS">
          <params>
            <param index="0">
              <value>
                <![CDATA[Black & White Diamond Heart]]>
              </value>
            </param>
            <param index="1">
              <value>
                <![CDATA[true]]>
              </value>
            </param>
          </params>
          <reporter-output>
          </reporter-output>
        </test-method> <!-- verifyingSearchWithDDT -->
        <test-method is-config="true" signature="browserTearDown()[pri:0, instance:com.hybridframework.practice.scenarios.SearchTest_TC3@76908cc0]" started-at="2026-08-12T11:47:00 IST" name="browserTearDown" finished-at="2026-08-12T11:47:00 IST" duration-ms="234" status="PASS">
          <reporter-output>
          </reporter-output>
        </test-method> <!-- browserTearDown -->
        <test-method is-config="true" signature="browserSetUp(java.lang.String,java.lang.String)[pri:0, instance:com.hybridframework.practice.scenarios.SearchTest_TC3@76908cc0]" started-at="2026-08-12T11:47:00 IST" name="browserSetUp" finished-at="2026-08-12T11:47:04 IST" duration-ms="3715" status="PASS">
          <params>
            <param index="0">
              <value>
                <![CDATA[chrome]]>
              </value>
            </param>
            <param index="1">
              <value>
                <![CDATA[Windows]]>
              </value>
            </param>
          </params>
          <reporter-output>
          </reporter-output>
        </test-method> <!-- browserSetUp -->
        <test-method signature="verifyingSearchWithDDT(java.lang.String,boolean)[pri:4, instance:com.hybridframework.practice.scenarios.SearchTest_TC3@76908cc0]" started-at="2026-08-12T11:47:04 IST" name="verifyingSearchWithDDT" data-provider="ProductNameData" finished-at="2026-08-12T11:47:09 IST" duration-ms="5113" status="PASS">
          <params>
            <param index="0">
              <value>
                <![CDATA[invalidProductSearch]]>
              </value>
            </param>
            <param index="1">
              <value>
                <![CDATA[false]]>
              </value>
            </param>
          </params>
          <reporter-output>
          </reporter-output>
        </test-method> <!-- verifyingSearchWithDDT -->
        <test-method is-config="true" signature="browserTearDown()[pri:0, instance:com.hybridframework.practice.scenarios.SearchTest_TC3@76908cc0]" started-at="2026-08-12T11:47:09 IST" name="browserTearDown" finished-at="2026-08-12T11:47:09 IST" duration-ms="222" status="PASS">
          <reporter-output>
          </reporter-output>
        </test-method> <!-- browserTearDown -->
      </class> <!-- com.hybridframework.practice.scenarios.SearchTest_TC3 -->
    </test> <!-- MasterTests -->
  </suite> <!-- MasterTestNGSuite -->
</testng-results>
