<?xml version="1.0" encoding="UTF-8"?>
<testsuite xmlns:xsi="http://www.w3.org/2001/XMLSchema-instance" xsi:noNamespaceSchemaLocation="https://maven.apache.org/surefire/maven-surefire-plugin/xsd/surefire-test-report-3.0.xsd" version="3.0" name="TestSuite" time="71.099" tests="9" errors="0" skipped="0" failures="0">
  <properties>
[...]
</properties>
  <testcase name="verifySearchWithValidProduct" classname="com.hybridframework.practice.scenarios.SearchTest_TC3" time="1.226">
    <system-out><![CDATA[11:46:00.682 [main] INFO  com.hybridframework.practice.scenarios.SearchTest_TC3 - Browser setup started
11:46:00.690 [main] INFO  com.hybridframework.practice.scenarios.SearchTest_TC3 - Launching Chrome Browser
11:46:03.009 [main] INFO  com.hybridframework.practice.scenarios.SearchTest_TC3 - Getting DemoWebShop URL
11:46:06.131 [main] INFO  com.demowebshop.pages.SearchPage_TC3 - **Searching with Product Name**
11:46:06.320 [main] INFO  com.demowebshop.pages.SearchPage_TC3 - **Clicking on Search Btn**
]]></system-out>
    <system-err><![CDATA[Aug 12, 2026 11:46:02 AM org.openqa.selenium.devtools.CdpVersionFinder findNearestMatch
WARNING: Unable to find CDP implementation matching 151
Aug 12, 2026 11:46:03 AM org.openqa.selenium.chromium.ChromiumDriver lambda$new$4
WARNING: Unable to find version of CDP to use for 151.0.7922.137. You may need to include a dependency on a specific version of the CDP using something similar to `org.seleniumhq.selenium:selenium-devtools-v86:4.32.0` where the version ("v86") matches the version of the chromium-based browser you're using and the version number of the artifact is the same as Selenium's.
]]></system-err>
  </testcase>
  <testcase name="verifySearchWithInvalidProduct" classname="com.hybridframework.practice.scenarios.SearchTest_TC3" time="1.024">
    <system-out><![CDATA[11:46:07.310 [main] INFO  com.hybridframework.practice.scenarios.SearchTest_TC3 - Closing the Browser
11:46:07.654 [main] INFO  com.hybridframework.practice.scenarios.SearchTest_TC3 - Browser setup started
11:46:07.655 [main] INFO  com.hybridframework.practice.scenarios.SearchTest_TC3 - Launching Chrome Browser
11:46:08.581 [main] INFO  com.hybridframework.practice.scenarios.SearchTest_TC3 - Getting DemoWebShop URL
11:46:11.569 [main] INFO  com.demowebshop.pages.SearchPage_TC3 - **Searching with Product Name**
11:46:11.684 [main] INFO  com.demowebshop.pages.SearchPage_TC3 - **Clicking on Search Btn**
]]></system-out>
    <system-err><![CDATA[Aug 12, 2026 11:46:08 AM org.openqa.selenium.devtools.CdpVersionFinder findNearestMatch
WARNING: Unable to find CDP implementation matching 151
Aug 12, 2026 11:46:08 AM org.openqa.selenium.chromium.ChromiumDriver lambda$new$4
WARNING: Unable to find version of CDP to use for 151.0.7922.137. You may need to include a dependency on a specific version of the CDP using something similar to `org.seleniumhq.selenium:selenium-devtools-v86:4.32.0` where the version ("v86") matches the version of the chromium-based browser you're using and the version number of the artifact is the same as Selenium's.
]]></system-err>
  </testcase>
  <testcase name="verifyEmptySearch" classname="com.hybridframework.practice.scenarios.SearchTest_TC3" time="0.239">
    <system-out><![CDATA[11:46:12.592 [main] INFO  com.hybridframework.practice.scenarios.SearchTest_TC3 - Closing the Browser
11:46:12.844 [main] INFO  com.hybridframework.practice.scenarios.SearchTest_TC3 - Browser setup started
11:46:12.845 [main] INFO  com.hybridframework.practice.scenarios.SearchTest_TC3 - Launching Chrome Browser
11:46:13.689 [main] INFO  com.hybridframework.practice.scenarios.SearchTest_TC3 - Getting DemoWebShop URL
11:46:16.614 [main] INFO  com.demowebshop.pages.SearchPage_TC3 - **Searching with Product Name**
11:46:16.707 [main] INFO  com.demowebshop.pages.SearchPage_TC3 - **Clicking on Search Btn**
11:46:16.836 [main] INFO  com.demowebshop.pages.SearchPage_TC3 - Accepting the Alert
]]></system-out>
    <system-err><![CDATA[Aug 12, 2026 11:46:13 AM org.openqa.selenium.devtools.CdpVersionFinder findNearestMatch
WARNING: Unable to find CDP implementation matching 151
Aug 12, 2026 11:46:13 AM org.openqa.selenium.chromium.ChromiumDriver lambda$new$4
WARNING: Unable to find version of CDP to use for 151.0.7922.137. You may need to include a dependency on a specific version of the CDP using something similar to `org.seleniumhq.selenium:selenium-devtools-v86:4.32.0` where the version ("v86") matches the version of the chromium-based browser you're using and the version number of the artifact is the same as Selenium's.
]]></system-err>
  </testcase>
  <testcase name="verifyingSearchWithDDT[Desktop PC with CDRW, true](1)" classname="com.hybridframework.practice.scenarios.SearchTest_TC3" time="4.325">
    <system-out><![CDATA[11:46:16.855 [main] INFO  com.hybridframework.practice.scenarios.SearchTest_TC3 - Closing the Browser
11:46:17.119 [main] INFO  com.hybridframework.practice.scenarios.SearchTest_TC3 - Browser setup started
11:46:17.120 [main] INFO  com.hybridframework.practice.scenarios.SearchTest_TC3 - Launching Chrome Browser
11:46:17.925 [main] INFO  com.hybridframework.practice.scenarios.SearchTest_TC3 - Getting DemoWebShop URL
11:46:20.778 [main] INFO  com.demowebshop.pages.SearchPage_TC3 - **Searching with Product Name**
11:46:20.918 [main] INFO  com.demowebshop.pages.SearchPage_TC3 - **Clicking on Search Btn**
]]></system-out>
    <system-err><![CDATA[Aug 12, 2026 11:46:17 AM org.openqa.selenium.devtools.CdpVersionFinder findNearestMatch
WARNING: Unable to find CDP implementation matching 151
Aug 12, 2026 11:46:17 AM org.openqa.selenium.chromium.ChromiumDriver lambda$new$4
WARNING: Unable to find version of CDP to use for 151.0.7922.137. You may need to include a dependency on a specific version of the CDP using something similar to `org.seleniumhq.selenium:selenium-devtools-v86:4.32.0` where the version ("v86") matches the version of the chromium-based browser you're using and the version number of the artifact is the same as Selenium's.
]]></system-err>
  </testcase>
  <testcase name="verifyingSearchWithDDT[Computing and Internet, true](2)" classname="com.hybridframework.practice.scenarios.SearchTest_TC3" time="4.283">
    <system-out><![CDATA[11:46:25.090 [main] INFO  com.hybridframework.practice.scenarios.SearchTest_TC3 - Closing the Browser
11:46:25.346 [main] INFO  com.hybridframework.practice.scenarios.SearchTest_TC3 - Browser setup started
11:46:25.346 [main] INFO  com.hybridframework.practice.scenarios.SearchTest_TC3 - Launching Chrome Browser
11:46:26.498 [main] INFO  com.hybridframework.practice.scenarios.SearchTest_TC3 - Getting DemoWebShop URL
11:46:29.539 [main] INFO  com.demowebshop.pages.SearchPage_TC3 - **Searching with Product Name**
11:46:29.673 [main] INFO  com.demowebshop.pages.SearchPage_TC3 - **Clicking on Search Btn**
]]></system-out>
    <system-err><![CDATA[Aug 12, 2026 11:46:26 AM org.openqa.selenium.devtools.CdpVersionFinder findNearestMatch
WARNING: Unable to find CDP implementation matching 151
Aug 12, 2026 11:46:26 AM org.openqa.selenium.chromium.ChromiumDriver lambda$new$4
WARNING: Unable to find version of CDP to use for 151.0.7922.137. You may need to include a dependency on a specific version of the CDP using something similar to `org.seleniumhq.selenium:selenium-devtools-v86:4.32.0` where the version ("v86") matches the version of the chromium-based browser you're using and the version number of the artifact is the same as Selenium's.
]]></system-err>
  </testcase>
  <testcase name="verifyingSearchWithDDT[Digital SLR Camera 12.2 Mpixel, true](3)" classname="com.hybridframework.practice.scenarios.SearchTest_TC3" time="4.301">
    <system-out><![CDATA[11:46:33.823 [main] INFO  com.hybridframework.practice.scenarios.SearchTest_TC3 - Closing the Browser
11:46:34.080 [main] INFO  com.hybridframework.practice.scenarios.SearchTest_TC3 - Browser setup started
11:46:34.080 [main] INFO  com.hybridframework.practice.scenarios.SearchTest_TC3 - Launching Chrome Browser
11:46:34.972 [main] INFO  com.hybridframework.practice.scenarios.SearchTest_TC3 - Getting DemoWebShop URL
11:46:38.672 [main] INFO  com.demowebshop.pages.SearchPage_TC3 - **Searching with Product Name**
11:46:38.815 [main] INFO  com.demowebshop.pages.SearchPage_TC3 - **Clicking on Search Btn**
]]></system-out>
    <system-err><![CDATA[Aug 12, 2026 11:46:34 AM org.openqa.selenium.devtools.CdpVersionFinder findNearestMatch
WARNING: Unable to find CDP implementation matching 151
Aug 12, 2026 11:46:34 AM org.openqa.selenium.chromium.ChromiumDriver lambda$new$4
WARNING: Unable to find version of CDP to use for 151.0.7922.137. You may need to include a dependency on a specific version of the CDP using something similar to `org.seleniumhq.selenium:selenium-devtools-v86:4.32.0` where the version ("v86") matches the version of the chromium-based browser you're using and the version number of the artifact is the same as Selenium's.
]]></system-err>
  </testcase>
  <testcase name="verifyingSearchWithDDT[Smartphone, true](4)" classname="com.hybridframework.practice.scenarios.SearchTest_TC3" time="5.167">
    <system-out><![CDATA[11:46:42.974 [main] INFO  com.hybridframework.practice.scenarios.SearchTest_TC3 - Closing the Browser
11:46:43.229 [main] INFO  com.hybridframework.practice.scenarios.SearchTest_TC3 - Browser setup started
11:46:43.231 [main] INFO  com.hybridframework.practice.scenarios.SearchTest_TC3 - Launching Chrome Browser
11:46:44.034 [main] INFO  com.hybridframework.practice.scenarios.SearchTest_TC3 - Getting DemoWebShop URL
11:46:46.955 [main] INFO  com.demowebshop.pages.SearchPage_TC3 - **Searching with Product Name**
11:46:47.070 [main] INFO  com.demowebshop.pages.SearchPage_TC3 - **Clicking on Search Btn**
]]></system-out>
    <system-err><![CDATA[Aug 12, 2026 11:46:44 AM org.openqa.selenium.devtools.CdpVersionFinder findNearestMatch
WARNING: Unable to find CDP implementation matching 151
Aug 12, 2026 11:46:44 AM org.openqa.selenium.chromium.ChromiumDriver lambda$new$4
WARNING: Unable to find version of CDP to use for 151.0.7922.137. You may need to include a dependency on a specific version of the CDP using something similar to `org.seleniumhq.selenium:selenium-devtools-v86:4.32.0` where the version ("v86") matches the version of the chromium-based browser you're using and the version number of the artifact is the same as Selenium's.
]]></system-err>
  </testcase>
  <testcase name="verifyingSearchWithDDT[Black &amp; White Diamond Heart, true](5)" classname="com.hybridframework.practice.scenarios.SearchTest_TC3" time="4.295">
    <system-out><![CDATA[11:46:52.121 [main] INFO  com.hybridframework.practice.scenarios.SearchTest_TC3 - Closing the Browser
11:46:52.411 [main] INFO  com.hybridframework.practice.scenarios.SearchTest_TC3 - Browser setup started
11:46:52.412 [main] INFO  com.hybridframework.practice.scenarios.SearchTest_TC3 - Launching Chrome Browser
11:46:53.199 [main] INFO  com.hybridframework.practice.scenarios.SearchTest_TC3 - Getting DemoWebShop URL
11:46:56.180 [main] INFO  com.demowebshop.pages.SearchPage_TC3 - **Searching with Product Name**
11:46:56.321 [main] INFO  com.demowebshop.pages.SearchPage_TC3 - **Clicking on Search Btn**
]]></system-out>
    <system-err><![CDATA[Aug 12, 2026 11:46:53 AM org.openqa.selenium.devtools.CdpVersionFinder findNearestMatch
WARNING: Unable to find CDP implementation matching 151
Aug 12, 2026 11:46:53 AM org.openqa.selenium.chromium.ChromiumDriver lambda$new$4
WARNING: Unable to find version of CDP to use for 151.0.7922.137. You may need to include a dependency on a specific version of the CDP using something similar to `org.seleniumhq.selenium:selenium-devtools-v86:4.32.0` where the version ("v86") matches the version of the chromium-based browser you're using and the version number of the artifact is the same as Selenium's.
]]></system-err>
  </testcase>
  <testcase name="verifyingSearchWithDDT[invalidProductSearch, false](6)" classname="com.hybridframework.practice.scenarios.SearchTest_TC3" time="5.113">
    <system-out><![CDATA[11:47:00.476 [main] INFO  com.hybridframework.practice.scenarios.SearchTest_TC3 - Closing the Browser
11:47:00.711 [main] INFO  com.hybridframework.practice.scenarios.SearchTest_TC3 - Browser setup started
11:47:00.712 [main] INFO  com.hybridframework.practice.scenarios.SearchTest_TC3 - Launching Chrome Browser
11:47:01.526 [main] INFO  com.hybridframework.practice.scenarios.SearchTest_TC3 - Getting DemoWebShop URL
11:47:04.426 [main] INFO  com.demowebshop.pages.SearchPage_TC3 - **Searching with Product Name**
11:47:04.556 [main] INFO  com.demowebshop.pages.SearchPage_TC3 - **Clicking on Search Btn**
]]></system-out>
    <system-err><![CDATA[Aug 12, 2026 11:47:01 AM org.openqa.selenium.devtools.CdpVersionFinder findNearestMatch
WARNING: Unable to find CDP implementation matching 151
Aug 12, 2026 11:47:01 AM org.openqa.selenium.chromium.ChromiumDriver lambda$new$4
WARNING: Unable to find version of CDP to use for 151.0.7922.137. You may need to include a dependency on a specific version of the CDP using something similar to `org.seleniumhq.selenium:selenium-devtools-v86:4.32.0` where the version ("v86") matches the version of the chromium-based browser you're using and the version number of the artifact is the same as Selenium's.
]]></system-err>
  </testcase>
</testsuite>