<?xml version="1.0" encoding="UTF-8"?>
<testng-results ignored="0" total="18" passed="18" failed="0" skipped="0">
  <reporter-output>
  </reporter-output>
  <suite started-at="2026-08-15T13:21:30 IST" name="dockerSuite" finished-at="2026-08-15T13:24:24 IST" duration-ms="174414">
    <groups>
    </groups>
    <test started-at="2026-08-15T13:21:30 IST" name="Linux-Chrome" finished-at="2026-08-15T13:22:42 IST" duration-ms="72159">
      <class name="com.hybridframework.practice.scenarios.SearchTest_TC3">
        <test-method is-config="true" signature="browserSetUp(java.lang.String,java.lang.String)[pri:0, instance:com.hybridframework.practice.scenarios.SearchTest_TC3@331acdad]" started-at="2026-08-15T13:21:30 IST" name="browserSetUp" finished-at="2026-08-15T13:21:39 IST" duration-ms="9364" status="PASS">
          <params>
            <param index="0">
              <value>
                <![CDATA[chrome]]>
              </value>
            </param>
            <param index="1">
              <value>
                <![CDATA[Linux]]>
              </value>
            </param>
          </params>
          <reporter-output>
          </reporter-output>
        </test-method> <!-- browserSetUp -->
        <test-method signature="verifySearchWithValidProduct()[pri:1, instance:com.hybridframework.practice.scenarios.SearchTest_TC3@331acdad]" started-at="2026-08-15T13:21:39 IST" name="verifySearchWithValidProduct" finished-at="2026-08-15T13:21:41 IST" duration-ms="1311" status="PASS">
          <reporter-output>
          </reporter-output>
        </test-method> <!-- verifySearchWithValidProduct -->
        <test-method is-config="true" signature="browserTearDown()[pri:0, instance:com.hybridframework.practice.scenarios.SearchTest_TC3@331acdad]" started-at="2026-08-15T13:21:41 IST" name="browserTearDown" finished-at="2026-08-15T13:21:41 IST" duration-ms="104" status="PASS">
          <reporter-output>
          </reporter-output>
        </test-method> <!-- browserTearDown -->
        <test-method is-config="true" signature="browserSetUp(java.lang.String,java.lang.String)[pri:0, instance:com.hybridframework.practice.scenarios.SearchTest_TC3@331acdad]" started-at="2026-08-15T13:21:41 IST" name="browserSetUp" finished-at="2026-08-15T13:21:44 IST" duration-ms="3562" status="PASS">
          <params>
            <param index="0">
              <value>
                <![CDATA[chrome]]>
              </value>
            </param>
            <param index="1">
              <value>
                <![CDATA[Linux]]>
              </value>
            </param>
          </params>
          <reporter-output>
          </reporter-output>
        </test-method> <!-- browserSetUp -->
        <test-method signature="verifySearchWithInvalidProduct()[pri:2, instance:com.hybridframework.practice.scenarios.SearchTest_TC3@331acdad]" started-at="2026-08-15T13:21:44 IST" name="verifySearchWithInvalidProduct" finished-at="2026-08-15T13:21:46 IST" duration-ms="1500" status="PASS">
          <reporter-output>
          </reporter-output>
        </test-method> <!-- verifySearchWithInvalidProduct -->
        <test-method is-config="true" signature="browserTearDown()[pri:0, instance:com.hybridframework.practice.scenarios.SearchTest_TC3@331acdad]" started-at="2026-08-15T13:21:46 IST" name="browserTearDown" finished-at="2026-08-15T13:21:46 IST" duration-ms="94" status="PASS">
          <reporter-output>
          </reporter-output>
        </test-method> <!-- browserTearDown -->
        <test-method is-config="true" signature="browserSetUp(java.lang.String,java.lang.String)[pri:0, instance:com.hybridframework.practice.scenarios.SearchTest_TC3@331acdad]" started-at="2026-08-15T13:21:46 IST" name="browserSetUp" finished-at="2026-08-15T13:21:50 IST" duration-ms="3654" status="PASS">
          <params>
            <param index="0">
              <value>
                <![CDATA[chrome]]>
              </value>
            </param>
            <param index="1">
              <value>
                <![CDATA[Linux]]>
              </value>
            </param>
          </params>
          <reporter-output>
          </reporter-output>
        </test-method> <!-- browserSetUp -->
        <test-method signature="verifyEmptySearch()[pri:3, instance:com.hybridframework.practice.scenarios.SearchTest_TC3@331acdad]" started-at="2026-08-15T13:21:50 IST" name="verifyEmptySearch" finished-at="2026-08-15T13:21:50 IST" duration-ms="400" status="PASS">
          <reporter-output>
          </reporter-output>
        </test-method> <!-- verifyEmptySearch -->
        <test-method is-config="true" signature="browserTearDown()[pri:0, instance:com.hybridframework.practice.scenarios.SearchTest_TC3@331acdad]" started-at="2026-08-15T13:21:50 IST" name="browserTearDown" finished-at="2026-08-15T13:21:50 IST" duration-ms="94" status="PASS">
          <reporter-output>
          </reporter-output>
        </test-method> <!-- browserTearDown -->
        <test-method is-config="true" signature="browserSetUp(java.lang.String,java.lang.String)[pri:0, instance:com.hybridframework.practice.scenarios.SearchTest_TC3@331acdad]" started-at="2026-08-15T13:21:50 IST" name="browserSetUp" finished-at="2026-08-15T13:21:54 IST" duration-ms="3601" status="PASS">
          <params>
            <param index="0">
              <value>
                <![CDATA[chrome]]>
              </value>
            </param>
            <param index="1">
              <value>
                <![CDATA[Linux]]>
              </value>
            </param>
          </params>
          <reporter-output>
          </reporter-output>
        </test-method> <!-- browserSetUp -->
        <test-method signature="verifyingSearchWithDDT(java.lang.String,boolean)[pri:4, instance:com.hybridframework.practice.scenarios.SearchTest_TC3@331acdad]" started-at="2026-08-15T13:21:54 IST" name="verifyingSearchWithDDT" data-provider="ProductNameData" finished-at="2026-08-15T13:21:59 IST" duration-ms="5324" status="PASS">
          <params>
            <param index="0">
              <value>
                <![CDATA[Desktop PC with CDRW]]>
              </value>
            </param>
            <param index="1">
              <value>
                <![CDATA[true]]>
              </value>
            </param>
          </params>
          <reporter-output>
          </reporter-output>
        </test-method> <!-- verifyingSearchWithDDT -->
        <test-method is-config="true" signature="browserTearDown()[pri:0, instance:com.hybridframework.practice.scenarios.SearchTest_TC3@331acdad]" started-at="2026-08-15T13:21:59 IST" name="browserTearDown" finished-at="2026-08-15T13:21:59 IST" duration-ms="89" status="PASS">
          <reporter-output>
          </reporter-output>
        </test-method> <!-- browserTearDown -->
        <test-method is-config="true" signature="browserSetUp(java.lang.String,java.lang.String)[pri:0, instance:com.hybridframework.practice.scenarios.SearchTest_TC3@331acdad]" started-at="2026-08-15T13:21:59 IST" name="browserSetUp" finished-at="2026-08-15T13:22:03 IST" duration-ms="3557" status="PASS">
          <params>
            <param index="0">
              <value>
                <![CDATA[chrome]]>
              </value>
            </param>
            <param index="1">
              <value>
                <![CDATA[Linux]]>
              </value>
            </param>
          </params>
          <reporter-output>
          </reporter-output>
        </test-method> <!-- browserSetUp -->
        <test-method signature="verifyingSearchWithDDT(java.lang.String,boolean)[pri:4, instance:com.hybridframework.practice.scenarios.SearchTest_TC3@331acdad]" started-at="2026-08-15T13:22:03 IST" name="verifyingSearchWithDDT" data-provider="ProductNameData" finished-at="2026-08-15T13:22:07 IST" duration-ms="4440" status="PASS">
          <params>
            <param index="0">
              <value>
                <![CDATA[Computing and Internet]]>
              </value>
            </param>
            <param index="1">
              <value>
                <![CDATA[true]]>
              </value>
            </param>
          </params>
          <reporter-output>
          </reporter-output>
        </test-method> <!-- verifyingSearchWithDDT -->
        <test-method is-config="true" signature="browserTearDown()[pri:0, instance:com.hybridframework.practice.scenarios.SearchTest_TC3@331acdad]" started-at="2026-08-15T13:22:07 IST" name="browserTearDown" finished-at="2026-08-15T13:22:07 IST" duration-ms="87" status="PASS">
          <reporter-output>
          </reporter-output>
        </test-method> <!-- browserTearDown -->
        <test-method is-config="true" signature="browserSetUp(java.lang.String,java.lang.String)[pri:0, instance:com.hybridframework.practice.scenarios.SearchTest_TC3@331acdad]" started-at="2026-08-15T13:22:07 IST" name="browserSetUp" finished-at="2026-08-15T13:22:11 IST" duration-ms="3384" status="PASS">
          <params>
            <param index="0">
              <value>
                <![CDATA[chrome]]>
              </value>
            </param>
            <param index="1">
              <value>
                <![CDATA[Linux]]>
              </value>
            </param>
          </params>
          <reporter-output>
          </reporter-output>
        </test-method> <!-- browserSetUp -->
        <test-method signature="verifyingSearchWithDDT(java.lang.String,boolean)[pri:4, instance:com.hybridframework.practice.scenarios.SearchTest_TC3@331acdad]" started-at="2026-08-15T13:22:11 IST" name="verifyingSearchWithDDT" data-provider="ProductNameData" finished-at="2026-08-15T13:22:16 IST" duration-ms="5356" status="PASS">
          <params>
            <param index="0">
              <value>
                <![CDATA[Digital SLR Camera 12.2 Mpixel]]>
              </value>
            </param>
            <param index="1">
              <value>
                <![CDATA[true]]>
              </value>
            </param>
          </params>
          <reporter-output>
          </reporter-output>
        </test-method> <!-- verifyingSearchWithDDT -->
        <test-method is-config="true" signature="browserTearDown()[pri:0, instance:com.hybridframework.practice.scenarios.SearchTest_TC3@331acdad]" started-at="2026-08-15T13:22:16 IST" name="browserTearDown" finished-at="2026-08-15T13:22:16 IST" duration-ms="87" status="PASS">
          <reporter-output>
          </reporter-output>
        </test-method> <!-- browserTearDown -->
        <test-method is-config="true" signature="browserSetUp(java.lang.String,java.lang.String)[pri:0, instance:com.hybridframework.practice.scenarios.SearchTest_TC3@331acdad]" started-at="2026-08-15T13:22:16 IST" name="browserSetUp" finished-at="2026-08-15T13:22:20 IST" duration-ms="3402" status="PASS">
          <params>
            <param index="0">
              <value>
                <![CDATA[chrome]]>
              </value>
            </param>
            <param index="1">
              <value>
                <![CDATA[Linux]]>
              </value>
            </param>
          </params>
          <reporter-output>
          </reporter-output>
        </test-method> <!-- browserSetUp -->
        <test-method signature="verifyingSearchWithDDT(java.lang.String,boolean)[pri:4, instance:com.hybridframework.practice.scenarios.SearchTest_TC3@331acdad]" started-at="2026-08-15T13:22:20 IST" name="verifyingSearchWithDDT" data-provider="ProductNameData" finished-at="2026-08-15T13:22:25 IST" duration-ms="5264" status="PASS">
          <params>
            <param index="0">
              <value>
                <![CDATA[Smartphone]]>
              </value>
            </param>
            <param index="1">
              <value>
                <![CDATA[true]]>
              </value>
            </param>
          </params>
          <reporter-output>
          </reporter-output>
        </test-method> <!-- verifyingSearchWithDDT -->
        <test-method is-config="true" signature="browserTearDown()[pri:0, instance:com.hybridframework.practice.scenarios.SearchTest_TC3@331acdad]" started-at="2026-08-15T13:22:25 IST" name="browserTearDown" finished-at="2026-08-15T13:22:25 IST" duration-ms="88" status="PASS">
          <reporter-output>
          </reporter-output>
        </test-method> <!-- browserTearDown -->
        <test-method is-config="true" signature="browserSetUp(java.lang.String,java.lang.String)[pri:0, instance:com.hybridframework.practice.scenarios.SearchTest_TC3@331acdad]" started-at="2026-08-15T13:22:25 IST" name="browserSetUp" finished-at="2026-08-15T13:22:28 IST" duration-ms="3428" status="PASS">
          <params>
            <param index="0">
              <value>
                <![CDATA[chrome]]>
              </value>
            </param>
            <param index="1">
              <value>
                <![CDATA[Linux]]>
              </value>
            </param>
          </params>
          <reporter-output>
          </reporter-output>
        </test-method> <!-- browserSetUp -->
        <test-method signature="verifyingSearchWithDDT(java.lang.String,boolean)[pri:4, instance:com.hybridframework.practice.scenarios.SearchTest_TC3@331acdad]" started-at="2026-08-15T13:22:28 IST" name="verifyingSearchWithDDT" data-provider="ProductNameData" finished-at="2026-08-15T13:22:34 IST" duration-ms="5209" status="PASS">
          <params>
            <param index="0">
              <value>
                <![CDATA[Black & White Diamond Heart]]>
              </value>
            </param>
            <param index="1">
              <value>
                <![CDATA[true]]>
              </value>
            </param>
          </params>
          <reporter-output>
          </reporter-output>
        </test-method> <!-- verifyingSearchWithDDT -->
        <test-method is-config="true" signature="browserTearDown()[pri:0, instance:com.hybridframework.practice.scenarios.SearchTest_TC3@331acdad]" started-at="2026-08-15T13:22:34 IST" name="browserTearDown" finished-at="2026-08-15T13:22:34 IST" duration-ms="85" status="PASS">
          <reporter-output>
          </reporter-output>
        </test-method> <!-- browserTearDown -->
        <test-method is-config="true" signature="browserSetUp(java.lang.String,java.lang.String)[pri:0, instance:com.hybridframework.practice.scenarios.SearchTest_TC3@331acdad]" started-at="2026-08-15T13:22:34 IST" name="browserSetUp" finished-at="2026-08-15T13:22:37 IST" duration-ms="3651" status="PASS">
          <params>
            <param index="0">
              <value>
                <![CDATA[chrome]]>
              </value>
            </param>
            <param index="1">
              <value>
                <![CDATA[Linux]]>
              </value>
            </param>
          </params>
          <reporter-output>
          </reporter-output>
        </test-method> <!-- browserSetUp -->
        <test-method signature="verifyingSearchWithDDT(java.lang.String,boolean)[pri:4, instance:com.hybridframework.practice.scenarios.SearchTest_TC3@331acdad]" started-at="2026-08-15T13:22:37 IST" name="verifyingSearchWithDDT" data-provider="ProductNameData" finished-at="2026-08-15T13:22:42 IST" duration-ms="4411" status="PASS">
          <params>
            <param index="0">
              <value>
                <![CDATA[invalidProductSearch]]>
              </value>
            </param>
            <param index="1">
              <value>
                <![CDATA[false]]>
              </value>
            </param>
          </params>
          <reporter-output>
          </reporter-output>
        </test-method> <!-- verifyingSearchWithDDT -->
        <test-method is-config="true" signature="browserTearDown()[pri:0, instance:com.hybridframework.practice.scenarios.SearchTest_TC3@331acdad]" started-at="2026-08-15T13:22:42 IST" name="browserTearDown" finished-at="2026-08-15T13:22:42 IST" duration-ms="89" status="PASS">
          <reporter-output>
          </reporter-output>
        </test-method> <!-- browserTearDown -->
      </class> <!-- com.hybridframework.practice.scenarios.SearchTest_TC3 -->
    </test> <!-- Linux-Chrome -->
    <test started-at="2026-08-15T13:22:43 IST" name="Linux-Firefox" finished-at="2026-08-15T13:24:24 IST" duration-ms="101045">
      <class name="com.hybridframework.practice.scenarios.SearchTest_TC3">
        <test-method is-config="true" signature="browserSetUp(java.lang.String,java.lang.String)[pri:0, instance:com.hybridframework.practice.scenarios.SearchTest_TC3@cd1d761]" started-at="2026-08-15T13:22:43 IST" name="browserSetUp" finished-at="2026-08-15T13:22:56 IST" duration-ms="12956" status="PASS">
          <params>
            <param index="0">
              <value>
                <![CDATA[firefox]]>
              </value>
            </param>
            <param index="1">
              <value>
                <![CDATA[Linux]]>
              </value>
            </param>
          </params>
          <reporter-output>
          </reporter-output>
        </test-method> <!-- browserSetUp -->
        <test-method signature="verifySearchWithValidProduct()[pri:1, instance:com.hybridframework.practice.scenarios.SearchTest_TC3@cd1d761]" started-at="2026-08-15T13:22:56 IST" name="verifySearchWithValidProduct" finished-at="2026-08-15T13:22:57 IST" duration-ms="1402" status="PASS">
          <reporter-output>
          </reporter-output>
        </test-method> <!-- verifySearchWithValidProduct -->
        <test-method is-config="true" signature="browserTearDown()[pri:0, instance:com.hybridframework.practice.scenarios.SearchTest_TC3@cd1d761]" started-at="2026-08-15T13:22:57 IST" name="browserTearDown" finished-at="2026-08-15T13:22:58 IST" duration-ms="724" status="PASS">
          <reporter-output>
          </reporter-output>
        </test-method> <!-- browserTearDown -->
        <test-method is-config="true" signature="browserSetUp(java.lang.String,java.lang.String)[pri:0, instance:com.hybridframework.practice.scenarios.SearchTest_TC3@cd1d761]" started-at="2026-08-15T13:22:58 IST" name="browserSetUp" finished-at="2026-08-15T13:23:04 IST" duration-ms="5435" status="PASS">
          <params>
            <param index="0">
              <value>
                <![CDATA[firefox]]>
              </value>
            </param>
            <param index="1">
              <value>
                <![CDATA[Linux]]>
              </value>
            </param>
          </params>
          <reporter-output>
          </reporter-output>
        </test-method> <!-- browserSetUp -->
        <test-method signature="verifySearchWithInvalidProduct()[pri:2, instance:com.hybridframework.practice.scenarios.SearchTest_TC3@cd1d761]" started-at="2026-08-15T13:23:04 IST" name="verifySearchWithInvalidProduct" finished-at="2026-08-15T13:23:05 IST" duration-ms="1223" status="PASS">
          <reporter-output>
          </reporter-output>
        </test-method> <!-- verifySearchWithInvalidProduct -->
        <test-method is-config="true" signature="browserTearDown()[pri:0, instance:com.hybridframework.practice.scenarios.SearchTest_TC3@cd1d761]" started-at="2026-08-15T13:23:05 IST" name="browserTearDown" finished-at="2026-08-15T13:23:05 IST" duration-ms="693" status="PASS">
          <reporter-output>
          </reporter-output>
        </test-method> <!-- browserTearDown -->
        <test-method is-config="true" signature="browserSetUp(java.lang.String,java.lang.String)[pri:0, instance:com.hybridframework.practice.scenarios.SearchTest_TC3@cd1d761]" started-at="2026-08-15T13:23:05 IST" name="browserSetUp" finished-at="2026-08-15T13:23:11 IST" duration-ms="5752" status="PASS">
          <params>
            <param index="0">
              <value>
                <![CDATA[firefox]]>
              </value>
            </param>
            <param index="1">
              <value>
                <![CDATA[Linux]]>
              </value>
            </param>
          </params>
          <reporter-output>
          </reporter-output>
        </test-method> <!-- browserSetUp -->
        <test-method signature="verifyEmptySearch()[pri:3, instance:com.hybridframework.practice.scenarios.SearchTest_TC3@cd1d761]" started-at="2026-08-15T13:23:11 IST" name="verifyEmptySearch" finished-at="2026-08-15T13:23:12 IST" duration-ms="345" status="PASS">
          <reporter-output>
          </reporter-output>
        </test-method> <!-- verifyEmptySearch -->
        <test-method is-config="true" signature="browserTearDown()[pri:0, instance:com.hybridframework.practice.scenarios.SearchTest_TC3@cd1d761]" started-at="2026-08-15T13:23:12 IST" name="browserTearDown" finished-at="2026-08-15T13:23:12 IST" duration-ms="702" status="PASS">
          <reporter-output>
          </reporter-output>
        </test-method> <!-- browserTearDown -->
        <test-method is-config="true" signature="browserSetUp(java.lang.String,java.lang.String)[pri:0, instance:com.hybridframework.practice.scenarios.SearchTest_TC3@cd1d761]" started-at="2026-08-15T13:23:12 IST" name="browserSetUp" finished-at="2026-08-15T13:23:18 IST" duration-ms="6187" status="PASS">
          <params>
            <param index="0">
              <value>
                <![CDATA[firefox]]>
              </value>
            </param>
            <param index="1">
              <value>
                <![CDATA[Linux]]>
              </value>
            </param>
          </params>
          <reporter-output>
          </reporter-output>
        </test-method> <!-- browserSetUp -->
        <test-method signature="verifyingSearchWithDDT(java.lang.String,boolean)[pri:4, instance:com.hybridframework.practice.scenarios.SearchTest_TC3@cd1d761]" started-at="2026-08-15T13:23:18 IST" name="verifyingSearchWithDDT" data-provider="ProductNameData" finished-at="2026-08-15T13:23:24 IST" duration-ms="5818" status="PASS">
          <params>
            <param index="0">
              <value>
                <![CDATA[Desktop PC with CDRW]]>
              </value>
            </param>
            <param index="1">
              <value>
                <![CDATA[true]]>
              </value>
            </param>
          </params>
          <reporter-output>
          </reporter-output>
        </test-method> <!-- verifyingSearchWithDDT -->
        <test-method is-config="true" signature="browserTearDown()[pri:0, instance:com.hybridframework.practice.scenarios.SearchTest_TC3@cd1d761]" started-at="2026-08-15T13:23:24 IST" name="browserTearDown" finished-at="2026-08-15T13:23:25 IST" duration-ms="800" status="PASS">
          <reporter-output>
          </reporter-output>
        </test-method> <!-- browserTearDown -->
        <test-method is-config="true" signature="browserSetUp(java.lang.String,java.lang.String)[pri:0, instance:com.hybridframework.practice.scenarios.SearchTest_TC3@cd1d761]" started-at="2026-08-15T13:23:25 IST" name="browserSetUp" finished-at="2026-08-15T13:23:31 IST" duration-ms="6314" status="PASS">
          <params>
            <param index="0">
              <value>
                <![CDATA[firefox]]>
              </value>
            </param>
            <param index="1">
              <value>
                <![CDATA[Linux]]>
              </value>
            </param>
          </params>
          <reporter-output>
          </reporter-output>
        </test-method> <!-- browserSetUp -->
        <test-method signature="verifyingSearchWithDDT(java.lang.String,boolean)[pri:4, instance:com.hybridframework.practice.scenarios.SearchTest_TC3@cd1d761]" started-at="2026-08-15T13:23:31 IST" name="verifyingSearchWithDDT" data-provider="ProductNameData" finished-at="2026-08-15T13:23:37 IST" duration-ms="5183" status="PASS">
          <params>
            <param index="0">
              <value>
                <![CDATA[Computing and Internet]]>
              </value>
            </param>
            <param index="1">
              <value>
                <![CDATA[true]]>
              </value>
            </param>
          </params>
          <reporter-output>
          </reporter-output>
        </test-method> <!-- verifyingSearchWithDDT -->
        <test-method is-config="true" signature="browserTearDown()[pri:0, instance:com.hybridframework.practice.scenarios.SearchTest_TC3@cd1d761]" started-at="2026-08-15T13:23:37 IST" name="browserTearDown" finished-at="2026-08-15T13:23:37 IST" duration-ms="632" status="PASS">
          <reporter-output>
          </reporter-output>
        </test-method> <!-- browserTearDown -->
        <test-method is-config="true" signature="browserSetUp(java.lang.String,java.lang.String)[pri:0, instance:com.hybridframework.practice.scenarios.SearchTest_TC3@cd1d761]" started-at="2026-08-15T13:23:37 IST" name="browserSetUp" finished-at="2026-08-15T13:23:43 IST" duration-ms="5756" status="PASS">
          <params>
            <param index="0">
              <value>
                <![CDATA[firefox]]>
              </value>
            </param>
            <param index="1">
              <value>
                <![CDATA[Linux]]>
              </value>
            </param>
          </params>
          <reporter-output>
          </reporter-output>
        </test-method> <!-- browserSetUp -->
        <test-method signature="verifyingSearchWithDDT(java.lang.String,boolean)[pri:4, instance:com.hybridframework.practice.scenarios.SearchTest_TC3@cd1d761]" started-at="2026-08-15T13:23:43 IST" name="verifyingSearchWithDDT" data-provider="ProductNameData" finished-at="2026-08-15T13:23:48 IST" duration-ms="5208" status="PASS">
          <params>
            <param index="0">
              <value>
                <![CDATA[Digital SLR Camera 12.2 Mpixel]]>
              </value>
            </param>
            <param index="1">
              <value>
                <![CDATA[true]]>
              </value>
            </param>
          </params>
          <reporter-output>
          </reporter-output>
        </test-method> <!-- verifyingSearchWithDDT -->
        <test-method is-config="true" signature="browserTearDown()[pri:0, instance:com.hybridframework.practice.scenarios.SearchTest_TC3@cd1d761]" started-at="2026-08-15T13:23:48 IST" name="browserTearDown" finished-at="2026-08-15T13:23:49 IST" duration-ms="573" status="PASS">
          <reporter-output>
          </reporter-output>
        </test-method> <!-- browserTearDown -->
        <test-method is-config="true" signature="browserSetUp(java.lang.String,java.lang.String)[pri:0, instance:com.hybridframework.practice.scenarios.SearchTest_TC3@cd1d761]" started-at="2026-08-15T13:23:49 IST" name="browserSetUp" finished-at="2026-08-15T13:23:54 IST" duration-ms="5646" status="PASS">
          <params>
            <param index="0">
              <value>
                <![CDATA[firefox]]>
              </value>
            </param>
            <param index="1">
              <value>
                <![CDATA[Linux]]>
              </value>
            </param>
          </params>
          <reporter-output>
          </reporter-output>
        </test-method> <!-- browserSetUp -->
        <test-method signature="verifyingSearchWithDDT(java.lang.String,boolean)[pri:4, instance:com.hybridframework.practice.scenarios.SearchTest_TC3@cd1d761]" started-at="2026-08-15T13:23:54 IST" name="verifyingSearchWithDDT" data-provider="ProductNameData" finished-at="2026-08-15T13:23:59 IST" duration-ms="5087" status="PASS">
          <params>
            <param index="0">
              <value>
                <![CDATA[Smartphone]]>
              </value>
            </param>
            <param index="1">
              <value>
                <![CDATA[true]]>
              </value>
            </param>
          </params>
          <reporter-output>
          </reporter-output>
        </test-method> <!-- verifyingSearchWithDDT -->
        <test-method is-config="true" signature="browserTearDown()[pri:0, instance:com.hybridframework.practice.scenarios.SearchTest_TC3@cd1d761]" started-at="2026-08-15T13:23:59 IST" name="browserTearDown" finished-at="2026-08-15T13:24:00 IST" duration-ms="634" status="PASS">
          <reporter-output>
          </reporter-output>
        </test-method> <!-- browserTearDown -->
        <test-method is-config="true" signature="browserSetUp(java.lang.String,java.lang.String)[pri:0, instance:com.hybridframework.practice.scenarios.SearchTest_TC3@cd1d761]" started-at="2026-08-15T13:24:00 IST" name="browserSetUp" finished-at="2026-08-15T13:24:06 IST" duration-ms="5689" status="PASS">
          <params>
            <param index="0">
              <value>
                <![CDATA[firefox]]>
              </value>
            </param>
            <param index="1">
              <value>
                <![CDATA[Linux]]>
              </value>
            </param>
          </params>
          <reporter-output>
          </reporter-output>
        </test-method> <!-- browserSetUp -->
        <test-method signature="verifyingSearchWithDDT(java.lang.String,boolean)[pri:4, instance:com.hybridframework.practice.scenarios.SearchTest_TC3@cd1d761]" started-at="2026-08-15T13:24:06 IST" name="verifyingSearchWithDDT" data-provider="ProductNameData" finished-at="2026-08-15T13:24:11 IST" duration-ms="5112" status="PASS">
          <params>
            <param index="0">
              <value>
                <![CDATA[Black & White Diamond Heart]]>
              </value>
            </param>
            <param index="1">
              <value>
                <![CDATA[true]]>
              </value>
            </param>
          </params>
          <reporter-output>
          </reporter-output>
        </test-method> <!-- verifyingSearchWithDDT -->
        <test-method is-config="true" signature="browserTearDown()[pri:0, instance:com.hybridframework.practice.scenarios.SearchTest_TC3@cd1d761]" started-at="2026-08-15T13:24:11 IST" name="browserTearDown" finished-at="2026-08-15T13:24:11 IST" duration-ms="555" status="PASS">
          <reporter-output>
          </reporter-output>
        </test-method> <!-- browserTearDown -->
        <test-method is-config="true" signature="browserSetUp(java.lang.String,java.lang.String)[pri:0, instance:com.hybridframework.practice.scenarios.SearchTest_TC3@cd1d761]" started-at="2026-08-15T13:24:11 IST" name="browserSetUp" finished-at="2026-08-15T13:24:18 IST" duration-ms="6776" status="PASS">
          <params>
            <param index="0">
              <value>
                <![CDATA[firefox]]>
              </value>
            </param>
            <param index="1">
              <value>
                <![CDATA[Linux]]>
              </value>
            </param>
          </params>
          <reporter-output>
          </reporter-output>
        </test-method> <!-- browserSetUp -->
        <test-method signature="verifyingSearchWithDDT(java.lang.String,boolean)[pri:4, instance:com.hybridframework.practice.scenarios.SearchTest_TC3@cd1d761]" started-at="2026-08-15T13:24:18 IST" name="verifyingSearchWithDDT" data-provider="ProductNameData" finished-at="2026-08-15T13:24:23 IST" duration-ms="5150" status="PASS">
          <params>
            <param index="0">
              <value>
                <![CDATA[invalidProductSearch]]>
              </value>
            </param>
            <param index="1">
              <value>
                <![CDATA[false]]>
              </value>
            </param>
          </params>
          <reporter-output>
          </reporter-output>
        </test-method> <!-- verifyingSearchWithDDT -->
        <test-method is-config="true" signature="browserTearDown()[pri:0, instance:com.hybridframework.practice.scenarios.SearchTest_TC3@cd1d761]" started-at="2026-08-15T13:24:23 IST" name="browserTearDown" finished-at="2026-08-15T13:24:24 IST" duration-ms="642" status="PASS">
          <reporter-output>
          </reporter-output>
        </test-method> <!-- browserTearDown -->
      </class> <!-- com.hybridframework.practice.scenarios.SearchTest_TC3 -->
    </test> <!-- Linux-Firefox -->
  </suite> <!-- dockerSuite -->
</testng-results>
