<?xml version="1.0" encoding="UTF-8"?>
<!-- Generated by org.testng.reporters.JUnitXMLReporter -->
<testsuite ignored="0" hostname="LAPTOP-3LETJHVP" failures="0" tests="15" name="Tests" time="126.031" errors="0" timestamp="2026-08-07T16:01:16 IST">
  <testcase classname="com.hybridframework.practice.scenarios.LoginTest_TC1" name="verifyValidLogin" time="2.016"/>
  <testcase classname="com.hybridframework.practice.scenarios.LoginTest_TC1" name="verifyInvalidUsernameandPasswordLogin" time="1.508"/>
  <testcase classname="com.hybridframework.practice.scenarios.LoginTest_TC1" name="verifyValidUsernameInvalidPasswordLogin" time="1.539"/>
  <testcase classname="com.hybridframework.practice.scenarios.LoginTest_TC1" name="verifyInvalidUsernameValidPasswordLogin" time="1.567"/>
  <testcase classname="com.hybridframework.practice.scenarios.LoginTest_TC1" name="verifyLoginWithoutCredentials" time="2.097"/>
  <testcase classname="com.hybridframework.practice.scenarios.LoginTest_TC1" name="verifyValidLoginDDT" time="1.983"/>
  <testcase classname="com.hybridframework.practice.scenarios.LoginTest_TC1" name="verifyValidLoginDDT" time="1.676"/>
  <testcase classname="com.hybridframework.practice.scenarios.LoginTest_TC1" name="verifyValidLoginDDT" time="1.615"/>
  <testcase classname="com.hybridframework.practice.scenarios.LoginTest_TC1" name="verifyValidLoginDDT" time="1.66"/>
  <testcase classname="com.hybridframework.practice.scenarios.LoginTest_TC1" name="verifyValidLoginDDT" time="1.66"/>
  <testcase classname="com.hybridframework.practice.scenarios.LoginTest_TC1" name="verifyValidLoginDDT" time="2.056"/>
  <testcase classname="com.hybridframework.practice.scenarios.RegisterTest_TC2" name="verifyRegisterwithALLField" time="4.677"/>
  <testcase classname="com.hybridframework.practice.scenarios.RegisterTest_TC2" name="verifyRegisterwithMandatoryField" time="3.528"/>
  <testcase classname="com.hybridframework.practice.scenarios.RegisterTest_TC2" name="verifyRegisterwithExistingEmail" time="3.021"/>
  <testcase classname="com.hybridframework.practice.scenarios.RegisterTest_TC2" name="verifyRegisterwithoutProvidingCredentials" time="2.072"/>
</testsuite> <!-- Tests -->
