<?xml version="1.0" encoding="UTF-8"?>
<!-- Generated by org.testng.reporters.JUnitReportReporter -->
<testsuite hostname="LAPTOP-3LETJHVP" failures="0" tests="9" name="com.hybridframework.practice.scenarios.SearchTest_TC3" time="69.036" errors="0" timestamp="2026-08-12T11:47:10 IST" skipped="0">
  <testcase classname="com.hybridframework.practice.scenarios.SearchTest_TC3" name="verifySearchWithValidProduct" time="5.404"/>
  <system-out/>
  <testcase classname="com.hybridframework.practice.scenarios.SearchTest_TC3" name="verifySearchWithInvalidProduct" time="4.967"/>
  <system-out/>
  <testcase classname="com.hybridframework.practice.scenarios.SearchTest_TC3" name="verifyEmptySearch" time="4.242"/>
  <system-out/>
  <testcase classname="com.hybridframework.practice.scenarios.SearchTest_TC3" name="verifyingSearchWithDDT" time="8.309"/>
  <system-out/>
  <testcase classname="com.hybridframework.practice.scenarios.SearchTest_TC3" name="verifyingSearchWithDDT" time="9.136"/>
  <system-out/>
  <testcase classname="com.hybridframework.practice.scenarios.SearchTest_TC3" name="verifyingSearchWithDDT" time="8.325"/>
  <system-out/>
  <testcase classname="com.hybridframework.practice.scenarios.SearchTest_TC3" name="verifyingSearchWithDDT" time="9.135"/>
  <system-out/>
  <testcase classname="com.hybridframework.practice.scenarios.SearchTest_TC3" name="verifyingSearchWithDDT" time="9.561"/>
  <system-out/>
  <testcase classname="com.hybridframework.practice.scenarios.SearchTest_TC3" name="verifyingSearchWithDDT" time="9.957"/>
  <system-out/>
</testsuite> <!-- com.hybridframework.practice.scenarios.SearchTest_TC3 -->
